<?xml version="1.0" encoding="UTF-8"?>
<testsuite xmlns:xsi="http://www.w3.org/2001/XMLSchema-instance" xsi:noNamespaceSchemaLocation="https://maven.apache.org/surefire/maven-surefire-plugin/xsd/surefire-test-report-3.0.xsd" version="3.0" name="objectArmy.bookEater.service.BookRequestServiceTest" time="2.849" tests="5" errors="0" skipped="0" failures="0">
  <properties>
    <property name="java.specification.version" value="17"/>
    <property name="sun.cpu.isalist" value="amd64"/>
    <property name="sun.jnu.encoding" value="Cp1253"/>
    <property name="java.class.path" value="C:\Users\Dell\IdeaProjects\Book-Eater\bookEater\target\test-classes;C:\Users\Dell\IdeaProjects\Book-Eater\bookEater\target\classes;C:\Users\Dell\.m2\repository\org\springframework\boot\spring-boot-starter-data-jpa\3.2.4\spring-boot-starter-data-jpa-3.2.4.jar;C:\Users\Dell\.m2\repository\org\springframework\boot\spring-boot-starter-aop\3.2.4\spring-boot-starter-aop-3.2.4.jar;C:\Users\Dell\.m2\repository\org\aspectj\aspectjweaver\1.9.21\aspectjweaver-1.9.21.jar;C:\Users\Dell\.m2\repository\org\springframework\boot\spring-boot-starter-jdbc\3.2.4\spring-boot-starter-jdbc-3.2.4.jar;C:\Users\Dell\.m2\repository\com\zaxxer\HikariCP\5.0.1\HikariCP-5.0.1.jar;C:\Users\Dell\.m2\repository\org\springframework\spring-jdbc\6.1.5\spring-jdbc-6.1.5.jar;C:\Users\Dell\.m2\repository\org\hibernate\orm\hibernate-core\6.4.4.Final\hibernate-core-6.4.4.Final.jar;C:\Users\Dell\.m2\repository\jakarta\persistence\jakarta.persistence-api\3.1.0\jakarta.persistence-api-3.1.0.jar;C:\Users\Dell\.m2\repository\jakarta\transaction\jakarta.transaction-api\2.0.1\jakarta.transaction-api-2.0.1.jar;C:\Users\Dell\.m2\repository\org\jboss\logging\jboss-logging\3.5.3.Final\jboss-logging-3.5.3.Final.jar;C:\Users\Dell\.m2\repository\org\hibernate\common\hibernate-commons-annotations\6.0.6.Final\hibernate-commons-annotations-6.0.6.Final.jar;C:\Users\Dell\.m2\repository\io\smallrye\jandex\3.1.2\jandex-3.1.2.jar;C:\Users\Dell\.m2\repository\com\fasterxml\classmate\1.6.0\classmate-1.6.0.jar;C:\Users\Dell\.m2\repository\net\bytebuddy\byte-buddy\1.14.12\byte-buddy-1.14.12.jar;C:\Users\Dell\.m2\repository\org\glassfish\jaxb\jaxb-runtime\4.0.5\jaxb-runtime-4.0.5.jar;C:\Users\Dell\.m2\repository\org\glassfish\jaxb\jaxb-core\4.0.5\jaxb-core-4.0.5.jar;C:\Users\Dell\.m2\repository\org\eclipse\angus\angus-activation\2.0.2\angus-activation-2.0.2.jar;C:\Users\Dell\.m2\repository\org\glassfish\jaxb\txw2\4.0.5\txw2-4.0.5.jar;C:\Users\Dell\.m2\repository\com\sun\istack\istack-commons-runtime\4.1.2\istack-commons-runtime-4.1.2.jar;C:\Users\Dell\.m2\repository\jakarta\inject\jakarta.inject-api\2.0.1\jakarta.inject-api-2.0.1.jar;C:\Users\Dell\.m2\repository\org\antlr\antlr4-runtime\4.13.0\antlr4-runtime-4.13.0.jar;C:\Users\Dell\.m2\repository\org\springframework\data\spring-data-jpa\3.2.4\spring-data-jpa-3.2.4.jar;C:\Users\Dell\.m2\repository\org\springframework\data\spring-data-commons\3.2.4\spring-data-commons-3.2.4.jar;C:\Users\Dell\.m2\repository\org\springframework\spring-orm\6.1.5\spring-orm-6.1.5.jar;C:\Users\Dell\.m2\repository\org\springframework\spring-context\6.1.5\spring-context-6.1.5.jar;C:\Users\Dell\.m2\repository\org\springframework\spring-tx\6.1.5\spring-tx-6.1.5.jar;C:\Users\Dell\.m2\repository\org\springframework\spring-beans\6.1.5\spring-beans-6.1.5.jar;C:\Users\Dell\.m2\repository\jakarta\annotation\jakarta.annotation-api\2.1.1\jakarta.annotation-api-2.1.1.jar;C:\Users\Dell\.m2\repository\org\slf4j\slf4j-api\2.0.12\slf4j-api-2.0.12.jar;C:\Users\Dell\.m2\repository\org\springframework\spring-aspects\6.1.5\spring-aspects-6.1.5.jar;C:\Users\Dell\.m2\repository\org\springframework\boot\spring-boot-starter-web\3.2.4\spring-boot-starter-web-3.2.4.jar;C:\Users\Dell\.m2\repository\org\springframework\boot\spring-boot-starter\3.2.4\spring-boot-starter-3.2.4.jar;C:\Users\Dell\.m2\repository\org\springframework\boot\spring-boot\3.2.4\spring-boot-3.2.4.jar;C:\Users\Dell\.m2\repository\org\springframework\boot\spring-boot-autoconfigure\3.2.4\spring-boot-autoconfigure-3.2.4.jar;C:\Users\Dell\.m2\repository\org\springframework\boot\spring-boot-starter-logging\3.2.4\spring-boot-starter-logging-3.2.4.jar;C:\Users\Dell\.m2\repository\ch\qos\logback\logback-classic\1.4.14\logback-classic-1.4.14.jar;C:\Users\Dell\.m2\repository\ch\qos\logback\logback-core\1.4.14\logback-core-1.4.14.jar;C:\Users\Dell\.m2\repository\org\apache\logging\log4j\log4j-to-slf4j\2.21.1\log4j-to-slf4j-2.21.1.jar;C:\Users\Dell\.m2\repository\org\apache\logging\log4j\log4j-api\2.21.1\log4j-api-2.21.1.jar;C:\Users\Dell\.m2\repository\org\slf4j\jul-to-slf4j\2.0.12\jul-to-slf4j-2.0.12.jar;C:\Users\Dell\.m2\repository\org\yaml\snakeyaml\2.2\snakeyaml-2.2.jar;C:\Users\Dell\.m2\repository\org\springframework\boot\spring-boot-starter-json\3.2.4\spring-boot-starter-json-3.2.4.jar;C:\Users\Dell\.m2\repository\com\fasterxml\jackson\core\jackson-databind\2.15.4\jackson-databind-2.15.4.jar;C:\Users\Dell\.m2\repository\com\fasterxml\jackson\core\jackson-annotations\2.15.4\jackson-annotations-2.15.4.jar;C:\Users\Dell\.m2\repository\com\fasterxml\jackson\core\jackson-core\2.15.4\jackson-core-2.15.4.jar;C:\Users\Dell\.m2\repository\com\fasterxml\jackson\datatype\jackson-datatype-jdk8\2.15.4\jackson-datatype-jdk8-2.15.4.jar;C:\Users\Dell\.m2\repository\com\fasterxml\jackson\datatype\jackson-datatype-jsr310\2.15.4\jackson-datatype-jsr310-2.15.4.jar;C:\Users\Dell\.m2\repository\com\fasterxml\jackson\module\jackson-module-parameter-names\2.15.4\jackson-module-parameter-names-2.15.4.jar;C:\Users\Dell\.m2\repository\org\springframework\boot\spring-boot-starter-tomcat\3.2.4\spring-boot-starter-tomcat-3.2.4.jar;C:\Users\Dell\.m2\repository\org\apache\tomcat\embed\tomcat-embed-core\10.1.19\tomcat-embed-core-10.1.19.jar;C:\Users\Dell\.m2\repository\org\apache\tomcat\embed\tomcat-embed-el\10.1.19\tomcat-embed-el-10.1.19.jar;C:\Users\Dell\.m2\repository\org\apache\tomcat\embed\tomcat-embed-websocket\10.1.19\tomcat-embed-websocket-10.1.19.jar;C:\Users\Dell\.m2\repository\org\springframework\spring-web\6.1.5\spring-web-6.1.5.jar;C:\Users\Dell\.m2\repository\io\micrometer\micrometer-observation\1.12.4\micrometer-observation-1.12.4.jar;C:\Users\Dell\.m2\repository\io\micrometer\micrometer-commons\1.12.4\micrometer-commons-1.12.4.jar;C:\Users\Dell\.m2\repository\org\springframework\spring-webmvc\6.1.5\spring-webmvc-6.1.5.jar;C:\Users\Dell\.m2\repository\org\springframework\spring-expression\6.1.5\spring-expression-6.1.5.jar;C:\Users\Dell\.m2\repository\org\springframework\boot\spring-boot-starter-security\3.2.4\spring-boot-starter-security-3.2.4.jar;C:\Users\Dell\.m2\repository\org\springframework\spring-aop\6.1.5\spring-aop-6.1.5.jar;C:\Users\Dell\.m2\repository\org\springframework\security\spring-security-config\6.2.3\spring-security-config-6.2.3.jar;C:\Users\Dell\.m2\repository\org\springframework\security\spring-security-web\6.2.3\spring-security-web-6.2.3.jar;C:\Users\Dell\.m2\repository\org\projectlombok\lombok\1.18.30\lombok-1.18.30.jar;C:\Users\Dell\.m2\repository\com\h2database\h2\2.2.220\h2-2.2.220.jar;C:\Users\Dell\.m2\repository\com\mysql\mysql-connector-j\8.3.0\mysql-connector-j-8.3.0.jar;C:\Users\Dell\.m2\repository\org\springframework\boot\spring-boot-starter-test\3.2.4\spring-boot-starter-test-3.2.4.jar;C:\Users\Dell\.m2\repository\org\springframework\boot\spring-boot-test\3.2.4\spring-boot-test-3.2.4.jar;C:\Users\Dell\.m2\repository\org\springframework\boot\spring-boot-test-autoconfigure\3.2.4\spring-boot-test-autoconfigure-3.2.4.jar;C:\Users\Dell\.m2\repository\com\jayway\jsonpath\json-path\2.9.0\json-path-2.9.0.jar;C:\Users\Dell\.m2\repository\jakarta\xml\bind\jakarta.xml.bind-api\4.0.2\jakarta.xml.bind-api-4.0.2.jar;C:\Users\Dell\.m2\repository\jakarta\activation\jakarta.activation-api\2.1.3\jakarta.activation-api-2.1.3.jar;C:\Users\Dell\.m2\repository\net\minidev\json-smart\2.5.0\json-smart-2.5.0.jar;C:\Users\Dell\.m2\repository\net\minidev\accessors-smart\2.5.0\accessors-smart-2.5.0.jar;C:\Users\Dell\.m2\repository\org\ow2\asm\asm\9.3\asm-9.3.jar;C:\Users\Dell\.m2\repository\org\assertj\assertj-core\3.24.2\assertj-core-3.24.2.jar;C:\Users\Dell\.m2\repository\org\awaitility\awaitility\4.2.0\awaitility-4.2.0.jar;C:\Users\Dell\.m2\repository\org\hamcrest\hamcrest\2.2\hamcrest-2.2.jar;C:\Users\Dell\.m2\repository\org\junit\jupiter\junit-jupiter\5.10.2\junit-jupiter-5.10.2.jar;C:\Users\Dell\.m2\repository\org\junit\jupiter\junit-jupiter-api\5.10.2\junit-jupiter-api-5.10.2.jar;C:\Users\Dell\.m2\repository\org\opentest4j\opentest4j\1.3.0\opentest4j-1.3.0.jar;C:\Users\Dell\.m2\repository\org\junit\platform\junit-platform-commons\1.10.2\junit-platform-commons-1.10.2.jar;C:\Users\Dell\.m2\repository\org\apiguardian\apiguardian-api\1.1.2\apiguardian-api-1.1.2.jar;C:\Users\Dell\.m2\repository\org\junit\jupiter\junit-jupiter-params\5.10.2\junit-jupiter-params-5.10.2.jar;C:\Users\Dell\.m2\repository\org\junit\jupiter\junit-jupiter-engine\5.10.2\junit-jupiter-engine-5.10.2.jar;C:\Users\Dell\.m2\repository\org\junit\platform\junit-platform-engine\1.10.2\junit-platform-engine-1.10.2.jar;C:\Users\Dell\.m2\repository\org\mockito\mockito-core\5.7.0\mockito-core-5.7.0.jar;C:\Users\Dell\.m2\repository\net\bytebuddy\byte-buddy-agent\1.14.12\byte-buddy-agent-1.14.12.jar;C:\Users\Dell\.m2\repository\org\objenesis\objenesis\3.3\objenesis-3.3.jar;C:\Users\Dell\.m2\repository\org\mockito\mockito-junit-jupiter\5.7.0\mockito-junit-jupiter-5.7.0.jar;C:\Users\Dell\.m2\repository\org\skyscreamer\jsonassert\1.5.1\jsonassert-1.5.1.jar;C:\Users\Dell\.m2\repository\com\vaadin\external\google\android-json\0.0.20131108.vaadin1\android-json-0.0.20131108.vaadin1.jar;C:\Users\Dell\.m2\repository\org\springframework\spring-core\6.1.5\spring-core-6.1.5.jar;C:\Users\Dell\.m2\repository\org\springframework\spring-jcl\6.1.5\spring-jcl-6.1.5.jar;C:\Users\Dell\.m2\repository\org\springframework\spring-test\6.1.5\spring-test-6.1.5.jar;C:\Users\Dell\.m2\repository\org\xmlunit\xmlunit-core\2.9.1\xmlunit-core-2.9.1.jar;C:\Users\Dell\.m2\repository\org\springframework\boot\spring-boot-starter-thymeleaf\3.2.4\spring-boot-starter-thymeleaf-3.2.4.jar;C:\Users\Dell\.m2\repository\org\thymeleaf\thymeleaf-spring6\3.1.2.RELEASE\thymeleaf-spring6-3.1.2.RELEASE.jar;C:\Users\Dell\.m2\repository\org\thymeleaf\thymeleaf\3.1.2.RELEASE\thymeleaf-3.1.2.RELEASE.jar;C:\Users\Dell\.m2\repository\org\attoparser\attoparser\2.0.7.RELEASE\attoparser-2.0.7.RELEASE.jar;C:\Users\Dell\.m2\repository\org\unbescape\unbescape\1.1.6.RELEASE\unbescape-1.1.6.RELEASE.jar;C:\Users\Dell\.m2\repository\org\postgresql\postgresql\42.7.3\postgresql-42.7.3.jar;C:\Users\Dell\.m2\repository\org\checkerframework\checker-qual\3.42.0\checker-qual-3.42.0.jar;C:\Users\Dell\.m2\repository\org\springframework\security\spring-security-test\6.2.3\spring-security-test-6.2.3.jar;C:\Users\Dell\.m2\repository\org\springframework\security\spring-security-core\6.2.3\spring-security-core-6.2.3.jar;C:\Users\Dell\.m2\repository\org\springframework\security\spring-security-crypto\6.2.3\spring-security-crypto-6.2.3.jar;C:\Users\Dell\.m2\repository\com\github\javafaker\javafaker\1.0.2\javafaker-1.0.2.jar;C:\Users\Dell\.m2\repository\org\apache\commons\commons-lang3\3.13.0\commons-lang3-3.13.0.jar;C:\Users\Dell\.m2\repository\org\yaml\snakeyaml\1.23\snakeyaml-1.23-android.jar;C:\Users\Dell\.m2\repository\com\github\mifmif\generex\1.0.2\generex-1.0.2.jar;C:\Users\Dell\.m2\repository\dk\brics\automaton\automaton\1.11-8\automaton-1.11-8.jar;"/>
    <property name="java.vm.vendor" value="JetBrains s.r.o."/>
    <property name="sun.arch.data.model" value="64"/>
    <property name="user.variant" value=""/>
    <property name="java.vendor.url" value="https://openjdk.java.net/"/>
    <property name="user.timezone" value="Europe/Athens"/>
    <property name="org.jboss.logging.provider" value="slf4j"/>
    <property name="os.name" value="Windows 11"/>
    <property name="java.vm.specification.version" value="17"/>
    <property name="sun.java.launcher" value="SUN_STANDARD"/>
    <property name="user.country" value="US"/>
    <property name="sun.boot.library.path" value="C:\Users\Dell\.jdks\jbr-17.0.11\bin"/>
    <property name="sun.java.command" value="C:\Users\Dell\AppData\Local\Temp\surefire7220460572622770275\surefirebooter-20241106104853240_3.jar C:\Users\Dell\AppData\Local\Temp\surefire7220460572622770275 2024-11-06T10-48-53_136-jvmRun1 surefire-20241106104853240_1tmp surefire_0-20241106104853240_2tmp"/>
    <property name="jdk.debug" value="release"/>
    <property name="surefire.test.class.path" value="C:\Users\Dell\IdeaProjects\Book-Eater\bookEater\target\test-classes;C:\Users\Dell\IdeaProjects\Book-Eater\bookEater\target\classes;C:\Users\Dell\.m2\repository\org\springframework\boot\spring-boot-starter-data-jpa\3.2.4\spring-boot-starter-data-jpa-3.2.4.jar;C:\Users\Dell\.m2\repository\org\springframework\boot\spring-boot-starter-aop\3.2.4\spring-boot-starter-aop-3.2.4.jar;C:\Users\Dell\.m2\repository\org\aspectj\aspectjweaver\1.9.21\aspectjweaver-1.9.21.jar;C:\Users\Dell\.m2\repository\org\springframework\boot\spring-boot-starter-jdbc\3.2.4\spring-boot-starter-jdbc-3.2.4.jar;C:\Users\Dell\.m2\repository\com\zaxxer\HikariCP\5.0.1\HikariCP-5.0.1.jar;C:\Users\Dell\.m2\repository\org\springframework\spring-jdbc\6.1.5\spring-jdbc-6.1.5.jar;C:\Users\Dell\.m2\repository\org\hibernate\orm\hibernate-core\6.4.4.Final\hibernate-core-6.4.4.Final.jar;C:\Users\Dell\.m2\repository\jakarta\persistence\jakarta.persistence-api\3.1.0\jakarta.persistence-api-3.1.0.jar;C:\Users\Dell\.m2\repository\jakarta\transaction\jakarta.transaction-api\2.0.1\jakarta.transaction-api-2.0.1.jar;C:\Users\Dell\.m2\repository\org\jboss\logging\jboss-logging\3.5.3.Final\jboss-logging-3.5.3.Final.jar;C:\Users\Dell\.m2\repository\org\hibernate\common\hibernate-commons-annotations\6.0.6.Final\hibernate-commons-annotations-6.0.6.Final.jar;C:\Users\Dell\.m2\repository\io\smallrye\jandex\3.1.2\jandex-3.1.2.jar;C:\Users\Dell\.m2\repository\com\fasterxml\classmate\1.6.0\classmate-1.6.0.jar;C:\Users\Dell\.m2\repository\net\bytebuddy\byte-buddy\1.14.12\byte-buddy-1.14.12.jar;C:\Users\Dell\.m2\repository\org\glassfish\jaxb\jaxb-runtime\4.0.5\jaxb-runtime-4.0.5.jar;C:\Users\Dell\.m2\repository\org\glassfish\jaxb\jaxb-core\4.0.5\jaxb-core-4.0.5.jar;C:\Users\Dell\.m2\repository\org\eclipse\angus\angus-activation\2.0.2\angus-activation-2.0.2.jar;C:\Users\Dell\.m2\repository\org\glassfish\jaxb\txw2\4.0.5\txw2-4.0.5.jar;C:\Users\Dell\.m2\repository\com\sun\istack\istack-commons-runtime\4.1.2\istack-commons-runtime-4.1.2.jar;C:\Users\Dell\.m2\repository\jakarta\inject\jakarta.inject-api\2.0.1\jakarta.inject-api-2.0.1.jar;C:\Users\Dell\.m2\repository\org\antlr\antlr4-runtime\4.13.0\antlr4-runtime-4.13.0.jar;C:\Users\Dell\.m2\repository\org\springframework\data\spring-data-jpa\3.2.4\spring-data-jpa-3.2.4.jar;C:\Users\Dell\.m2\repository\org\springframework\data\spring-data-commons\3.2.4\spring-data-commons-3.2.4.jar;C:\Users\Dell\.m2\repository\org\springframework\spring-orm\6.1.5\spring-orm-6.1.5.jar;C:\Users\Dell\.m2\repository\org\springframework\spring-context\6.1.5\spring-context-6.1.5.jar;C:\Users\Dell\.m2\repository\org\springframework\spring-tx\6.1.5\spring-tx-6.1.5.jar;C:\Users\Dell\.m2\repository\org\springframework\spring-beans\6.1.5\spring-beans-6.1.5.jar;C:\Users\Dell\.m2\repository\jakarta\annotation\jakarta.annotation-api\2.1.1\jakarta.annotation-api-2.1.1.jar;C:\Users\Dell\.m2\repository\org\slf4j\slf4j-api\2.0.12\slf4j-api-2.0.12.jar;C:\Users\Dell\.m2\repository\org\springframework\spring-aspects\6.1.5\spring-aspects-6.1.5.jar;C:\Users\Dell\.m2\repository\org\springframework\boot\spring-boot-starter-web\3.2.4\spring-boot-starter-web-3.2.4.jar;C:\Users\Dell\.m2\repository\org\springframework\boot\spring-boot-starter\3.2.4\spring-boot-starter-3.2.4.jar;C:\Users\Dell\.m2\repository\org\springframework\boot\spring-boot\3.2.4\spring-boot-3.2.4.jar;C:\Users\Dell\.m2\repository\org\springframework\boot\spring-boot-autoconfigure\3.2.4\spring-boot-autoconfigure-3.2.4.jar;C:\Users\Dell\.m2\repository\org\springframework\boot\spring-boot-starter-logging\3.2.4\spring-boot-starter-logging-3.2.4.jar;C:\Users\Dell\.m2\repository\ch\qos\logback\logback-classic\1.4.14\logback-classic-1.4.14.jar;C:\Users\Dell\.m2\repository\ch\qos\logback\logback-core\1.4.14\logback-core-1.4.14.jar;C:\Users\Dell\.m2\repository\org\apache\logging\log4j\log4j-to-slf4j\2.21.1\log4j-to-slf4j-2.21.1.jar;C:\Users\Dell\.m2\repository\org\apache\logging\log4j\log4j-api\2.21.1\log4j-api-2.21.1.jar;C:\Users\Dell\.m2\repository\org\slf4j\jul-to-slf4j\2.0.12\jul-to-slf4j-2.0.12.jar;C:\Users\Dell\.m2\repository\org\yaml\snakeyaml\2.2\snakeyaml-2.2.jar;C:\Users\Dell\.m2\repository\org\springframework\boot\spring-boot-starter-json\3.2.4\spring-boot-starter-json-3.2.4.jar;C:\Users\Dell\.m2\repository\com\fasterxml\jackson\core\jackson-databind\2.15.4\jackson-databind-2.15.4.jar;C:\Users\Dell\.m2\repository\com\fasterxml\jackson\core\jackson-annotations\2.15.4\jackson-annotations-2.15.4.jar;C:\Users\Dell\.m2\repository\com\fasterxml\jackson\core\jackson-core\2.15.4\jackson-core-2.15.4.jar;C:\Users\Dell\.m2\repository\com\fasterxml\jackson\datatype\jackson-datatype-jdk8\2.15.4\jackson-datatype-jdk8-2.15.4.jar;C:\Users\Dell\.m2\repository\com\fasterxml\jackson\datatype\jackson-datatype-jsr310\2.15.4\jackson-datatype-jsr310-2.15.4.jar;C:\Users\Dell\.m2\repository\com\fasterxml\jackson\module\jackson-module-parameter-names\2.15.4\jackson-module-parameter-names-2.15.4.jar;C:\Users\Dell\.m2\repository\org\springframework\boot\spring-boot-starter-tomcat\3.2.4\spring-boot-starter-tomcat-3.2.4.jar;C:\Users\Dell\.m2\repository\org\apache\tomcat\embed\tomcat-embed-core\10.1.19\tomcat-embed-core-10.1.19.jar;C:\Users\Dell\.m2\repository\org\apache\tomcat\embed\tomcat-embed-el\10.1.19\tomcat-embed-el-10.1.19.jar;C:\Users\Dell\.m2\repository\org\apache\tomcat\embed\tomcat-embed-websocket\10.1.19\tomcat-embed-websocket-10.1.19.jar;C:\Users\Dell\.m2\repository\org\springframework\spring-web\6.1.5\spring-web-6.1.5.jar;C:\Users\Dell\.m2\repository\io\micrometer\micrometer-observation\1.12.4\micrometer-observation-1.12.4.jar;C:\Users\Dell\.m2\repository\io\micrometer\micrometer-commons\1.12.4\micrometer-commons-1.12.4.jar;C:\Users\Dell\.m2\repository\org\springframework\spring-webmvc\6.1.5\spring-webmvc-6.1.5.jar;C:\Users\Dell\.m2\repository\org\springframework\spring-expression\6.1.5\spring-expression-6.1.5.jar;C:\Users\Dell\.m2\repository\org\springframework\boot\spring-boot-starter-security\3.2.4\spring-boot-starter-security-3.2.4.jar;C:\Users\Dell\.m2\repository\org\springframework\spring-aop\6.1.5\spring-aop-6.1.5.jar;C:\Users\Dell\.m2\repository\org\springframework\security\spring-security-config\6.2.3\spring-security-config-6.2.3.jar;C:\Users\Dell\.m2\repository\org\springframework\security\spring-security-web\6.2.3\spring-security-web-6.2.3.jar;C:\Users\Dell\.m2\repository\org\projectlombok\lombok\1.18.30\lombok-1.18.30.jar;C:\Users\Dell\.m2\repository\com\h2database\h2\2.2.220\h2-2.2.220.jar;C:\Users\Dell\.m2\repository\com\mysql\mysql-connector-j\8.3.0\mysql-connector-j-8.3.0.jar;C:\Users\Dell\.m2\repository\org\springframework\boot\spring-boot-starter-test\3.2.4\spring-boot-starter-test-3.2.4.jar;C:\Users\Dell\.m2\repository\org\springframework\boot\spring-boot-test\3.2.4\spring-boot-test-3.2.4.jar;C:\Users\Dell\.m2\repository\org\springframework\boot\spring-boot-test-autoconfigure\3.2.4\spring-boot-test-autoconfigure-3.2.4.jar;C:\Users\Dell\.m2\repository\com\jayway\jsonpath\json-path\2.9.0\json-path-2.9.0.jar;C:\Users\Dell\.m2\repository\jakarta\xml\bind\jakarta.xml.bind-api\4.0.2\jakarta.xml.bind-api-4.0.2.jar;C:\Users\Dell\.m2\repository\jakarta\activation\jakarta.activation-api\2.1.3\jakarta.activation-api-2.1.3.jar;C:\Users\Dell\.m2\repository\net\minidev\json-smart\2.5.0\json-smart-2.5.0.jar;C:\Users\Dell\.m2\repository\net\minidev\accessors-smart\2.5.0\accessors-smart-2.5.0.jar;C:\Users\Dell\.m2\repository\org\ow2\asm\asm\9.3\asm-9.3.jar;C:\Users\Dell\.m2\repository\org\assertj\assertj-core\3.24.2\assertj-core-3.24.2.jar;C:\Users\Dell\.m2\repository\org\awaitility\awaitility\4.2.0\awaitility-4.2.0.jar;C:\Users\Dell\.m2\repository\org\hamcrest\hamcrest\2.2\hamcrest-2.2.jar;C:\Users\Dell\.m2\repository\org\junit\jupiter\junit-jupiter\5.10.2\junit-jupiter-5.10.2.jar;C:\Users\Dell\.m2\repository\org\junit\jupiter\junit-jupiter-api\5.10.2\junit-jupiter-api-5.10.2.jar;C:\Users\Dell\.m2\repository\org\opentest4j\opentest4j\1.3.0\opentest4j-1.3.0.jar;C:\Users\Dell\.m2\repository\org\junit\platform\junit-platform-commons\1.10.2\junit-platform-commons-1.10.2.jar;C:\Users\Dell\.m2\repository\org\apiguardian\apiguardian-api\1.1.2\apiguardian-api-1.1.2.jar;C:\Users\Dell\.m2\repository\org\junit\jupiter\junit-jupiter-params\5.10.2\junit-jupiter-params-5.10.2.jar;C:\Users\Dell\.m2\repository\org\junit\jupiter\junit-jupiter-engine\5.10.2\junit-jupiter-engine-5.10.2.jar;C:\Users\Dell\.m2\repository\org\junit\platform\junit-platform-engine\1.10.2\junit-platform-engine-1.10.2.jar;C:\Users\Dell\.m2\repository\org\mockito\mockito-core\5.7.0\mockito-core-5.7.0.jar;C:\Users\Dell\.m2\repository\net\bytebuddy\byte-buddy-agent\1.14.12\byte-buddy-agent-1.14.12.jar;C:\Users\Dell\.m2\repository\org\objenesis\objenesis\3.3\objenesis-3.3.jar;C:\Users\Dell\.m2\repository\org\mockito\mockito-junit-jupiter\5.7.0\mockito-junit-jupiter-5.7.0.jar;C:\Users\Dell\.m2\repository\org\skyscreamer\jsonassert\1.5.1\jsonassert-1.5.1.jar;C:\Users\Dell\.m2\repository\com\vaadin\external\google\android-json\0.0.20131108.vaadin1\android-json-0.0.20131108.vaadin1.jar;C:\Users\Dell\.m2\repository\org\springframework\spring-core\6.1.5\spring-core-6.1.5.jar;C:\Users\Dell\.m2\repository\org\springframework\spring-jcl\6.1.5\spring-jcl-6.1.5.jar;C:\Users\Dell\.m2\repository\org\springframework\spring-test\6.1.5\spring-test-6.1.5.jar;C:\Users\Dell\.m2\repository\org\xmlunit\xmlunit-core\2.9.1\xmlunit-core-2.9.1.jar;C:\Users\Dell\.m2\repository\org\springframework\boot\spring-boot-starter-thymeleaf\3.2.4\spring-boot-starter-thymeleaf-3.2.4.jar;C:\Users\Dell\.m2\repository\org\thymeleaf\thymeleaf-spring6\3.1.2.RELEASE\thymeleaf-spring6-3.1.2.RELEASE.jar;C:\Users\Dell\.m2\repository\org\thymeleaf\thymeleaf\3.1.2.RELEASE\thymeleaf-3.1.2.RELEASE.jar;C:\Users\Dell\.m2\repository\org\attoparser\attoparser\2.0.7.RELEASE\attoparser-2.0.7.RELEASE.jar;C:\Users\Dell\.m2\repository\org\unbescape\unbescape\1.1.6.RELEASE\unbescape-1.1.6.RELEASE.jar;C:\Users\Dell\.m2\repository\org\postgresql\postgresql\42.7.3\postgresql-42.7.3.jar;C:\Users\Dell\.m2\repository\org\checkerframework\checker-qual\3.42.0\checker-qual-3.42.0.jar;C:\Users\Dell\.m2\repository\org\springframework\security\spring-security-test\6.2.3\spring-security-test-6.2.3.jar;C:\Users\Dell\.m2\repository\org\springframework\security\spring-security-core\6.2.3\spring-security-core-6.2.3.jar;C:\Users\Dell\.m2\repository\org\springframework\security\spring-security-crypto\6.2.3\spring-security-crypto-6.2.3.jar;C:\Users\Dell\.m2\repository\com\github\javafaker\javafaker\1.0.2\javafaker-1.0.2.jar;C:\Users\Dell\.m2\repository\org\apache\commons\commons-lang3\3.13.0\commons-lang3-3.13.0.jar;C:\Users\Dell\.m2\repository\org\yaml\snakeyaml\1.23\snakeyaml-1.23-android.jar;C:\Users\Dell\.m2\repository\com\github\mifmif\generex\1.0.2\generex-1.0.2.jar;C:\Users\Dell\.m2\repository\dk\brics\automaton\automaton\1.11-8\automaton-1.11-8.jar;"/>
    <property name="sun.cpu.endian" value="little"/>
    <property name="user.home" value="C:\Users\Dell"/>
    <property name="user.language" value="en"/>
    <property name="java.specification.vendor" value="Oracle Corporation"/>
    <property name="java.version.date" value="2024-04-16"/>
    <property name="java.home" value="C:\Users\Dell\.jdks\jbr-17.0.11"/>
    <property name="file.separator" value="\"/>
    <property name="basedir" value="C:\Users\Dell\IdeaProjects\Book-Eater\bookEater"/>
    <property name="java.vm.compressedOopsMode" value="Zero based"/>
    <property name="line.separator" value="&#10;"/>
    <property name="java.vm.specification.vendor" value="Oracle Corporation"/>
    <property name="java.specification.name" value="Java Platform API Specification"/>
    <property name="intellij.os.virtualization" value="none"/>
    <property name="FILE_LOG_CHARSET" value="windows-1253"/>
    <property name="java.awt.headless" value="true"/>
    <property name="jbr.virtualization.information" value="Hyper-V role"/>
    <property name="surefire.real.class.path" value="C:\Users\Dell\AppData\Local\Temp\surefire7220460572622770275\surefirebooter-20241106104853240_3.jar"/>
    <property name="user.script" value=""/>
    <property name="sun.management.compiler" value="HotSpot 64-Bit Tiered Compilers"/>
    <property name="java.runtime.version" value="17.0.11+1-b1312.2"/>
    <property name="user.name" value="Dell"/>
    <property name="path.separator" value=";"/>
    <property name="os.version" value="10.0"/>
    <property name="java.runtime.name" value="OpenJDK Runtime Environment"/>
    <property name="file.encoding" value="Cp1253"/>
    <property name="java.vm.name" value="OpenJDK 64-Bit Server VM"/>
    <property name="java.vendor.version" value="JBR-17.0.11+1-1312.2-nomod"/>
    <property name="localRepository" value="C:\Users\Dell\.m2\repository"/>
    <property name="java.vendor.url.bug" value="https://bugreport.java.com/bugreport/"/>
    <property name="java.io.tmpdir" value="C:\Users\Dell\AppData\Local\Temp\"/>
    <property name="idea.version" value="2024.1.4"/>
    <property name="com.zaxxer.hikari.pool_number" value="27"/>
    <property name="java.version" value="17.0.11"/>
    <property name="user.dir" value="C:\Users\Dell\IdeaProjects\Book-Eater\bookEater"/>
    <property name="os.arch" value="amd64"/>
    <property name="java.vm.specification.name" value="Java Virtual Machine Specification"/>
    <property name="PID" value="11448"/>
    <property name="sun.os.patch.level" value=""/>
    <property name="CONSOLE_LOG_CHARSET" value="windows-1253"/>
    <property name="native.encoding" value="Cp1253"/>
    <property name="java.library.path" value="C:\Users\Dell\.jdks\jbr-17.0.11\bin;C:\Windows\Sun\Java\bin;C:\Windows\system32;C:\Windows;C:\Program Files\Common Files\Oracle\Java\javapath;C:\Windows\system32;C:\Windows;C:\Windows\System32\Wbem;C:\Windows\System32\WindowsPowerShell\v1.0\;C:\Windows\System32\OpenSSH\;C:\Program Files (x86)\NVIDIA Corporation\PhysX\Common;C:\Program Files\Git\cmd;C:\Program Files\Docker\Docker\resources\bin;C:\Program Files\nodejs\;C:\Program Files\GNU Octave\Octave-9.2.0\mingw64\bin;C:\Ruby33-x64\bin;C:\Users\Dell\AppData\Local\Programs\Python\Launcher\;C:\Users\Dell\AppData\Local\Microsoft\WindowsApps;C:\Users\Dell\AppData\Local\Programs\Microsoft VS Code\bin;C:\Users\Dell\AppData\Local\Microsoft\WinGet\Packages\Schniz.fnm_Microsoft.Winget.Source_8wekyb3d8bbwe;C:\Users\Dell\AppData\Roaming\npm;C:\Users\Dell\AppData\Local\Programs\mongosh\;C:\Program Files\PostgreSQL\16\bin;."/>
    <property name="java.vm.info" value="mixed mode, sharing"/>
    <property name="java.vendor" value="JetBrains s.r.o."/>
    <property name="java.vm.version" value="17.0.11+1-b1312.2"/>
    <property name="sun.io.unicode.encoding" value="UnicodeLittle"/>
    <property name="java.class.version" value="61.0"/>
  </properties>
  <testcase name="getBookRequestById" classname="objectArmy.bookEater.service.BookRequestServiceTest" time="0.593">
    <system-out><![CDATA[2024-11-06T10:49:10.959+02:00  INFO 11448 --- [           main] t.c.s.AnnotationConfigContextLoaderUtils : Could not detect default configuration classes for test class [objectArmy.bookEater.service.BookRequestServiceTest]: BookRequestServiceTest does not declare any static, non-private, non-final, nested classes annotated with @Configuration.
2024-11-06T10:49:10.960+02:00  INFO 11448 --- [           main] .b.t.c.SpringBootTestContextBootstrapper : Found @SpringBootConfiguration objectArmy.bookEater.BookEaterApplication for test class objectArmy.bookEater.service.BookRequestServiceTest
2024-11-06T10:49:10.963+02:00  INFO 11448 --- [           main] j.LocalContainerEntityManagerFactoryBean : Closing JPA EntityManagerFactory for persistence unit 'default'
2024-11-06T10:49:10.963+02:00  INFO 11448 --- [           main] com.zaxxer.hikari.HikariDataSource       : HikariPool-22 - Shutdown initiated...
2024-11-06T10:49:11.016+02:00  INFO 11448 --- [           main] com.zaxxer.hikari.HikariDataSource       : HikariPool-22 - Shutdown completed.

  .   ____          _            __ _ _
 /\\ / ___'_ __ _ _(_)_ __  __ _ \ \ \ \
( ( )\___ | '_ | '_| | '_ \/ _` | \ \ \ \
 \\/  ___)| |_)| | | | | || (_| |  ) ) ) )
  '  |____| .__|_| |_|_| |_\__, | / / / /
 =========|_|==============|___/=/_/_/_/
 :: Spring Boot ::                (v3.2.4)

2024-11-06T10:49:11.026+02:00  INFO 11448 --- [           main] o.b.service.BookRequestServiceTest       : Starting BookRequestServiceTest using Java 17.0.11 with PID 11448 (started by Dell in C:\Users\Dell\IdeaProjects\Book-Eater\bookEater)
2024-11-06T10:49:11.026+02:00  INFO 11448 --- [           main] o.b.service.BookRequestServiceTest       : The following 1 profile is active: "test"
2024-11-06T10:49:11.085+02:00  INFO 11448 --- [           main] .s.d.r.c.RepositoryConfigurationDelegate : Bootstrapping Spring Data JPA repositories in DEFAULT mode.
2024-11-06T10:49:11.093+02:00  INFO 11448 --- [           main] .s.d.r.c.RepositoryConfigurationDelegate : Finished Spring Data repository scanning in 8 ms. Found 6 JPA repository interfaces.
2024-11-06T10:49:11.115+02:00  INFO 11448 --- [           main] o.hibernate.jpa.internal.util.LogHelper  : HHH000204: Processing PersistenceUnitInfo [name: default]
2024-11-06T10:49:11.116+02:00  INFO 11448 --- [           main] o.h.c.internal.RegionFactoryInitiator    : HHH000026: Second-level cache disabled
2024-11-06T10:49:11.118+02:00  INFO 11448 --- [           main] o.s.o.j.p.SpringPersistenceUnitInfo      : No LoadTimeWeaver setup: ignoring JPA class transformer
2024-11-06T10:49:11.118+02:00  INFO 11448 --- [           main] com.zaxxer.hikari.HikariDataSource       : HikariPool-23 - Starting...
2024-11-06T10:49:11.145+02:00  INFO 11448 --- [           main] com.zaxxer.hikari.pool.HikariPool        : HikariPool-23 - Added connection org.postgresql.jdbc.PgConnection@5cd8e7f3
2024-11-06T10:49:11.145+02:00  INFO 11448 --- [           main] com.zaxxer.hikari.HikariDataSource       : HikariPool-23 - Start completed.
2024-11-06T10:49:11.189+02:00  INFO 11448 --- [           main] o.h.e.t.j.p.i.JtaPlatformInitiator       : HHH000490: Using JTA platform [org.hibernate.engine.transaction.jta.platform.internal.AtomikosJtaPlatform]
Hibernate: alter table if exists book_authors drop constraint if exists FK551i3sllw1wj7ex6nir16blsm
Hibernate: alter table if exists book_authors drop constraint if exists FKs4xm7q8i3uxvaiswj1c35nnxw
Hibernate: alter table if exists book_categories drop constraint if exists FKpm3c24k4vdceji5h47d5u9w2i
Hibernate: alter table if exists book_categories drop constraint if exists FKrq5mftm1ejl023epqbn42lpa3
Hibernate: alter table if exists book_offer drop constraint if exists FKepykb45t97hbcxpbee4s2hb2r
Hibernate: alter table if exists book_offer drop constraint if exists FKdr0ismuose2n030tfeiaq0mda
Hibernate: alter table if exists book_offer_requests drop constraint if exists FKqsawiycp7xjpk7rcvjmfy1kpk
Hibernate: alter table if exists book_offer_requests drop constraint if exists FKjbloa7h2g3bquw2bh3qg2kn1j
Hibernate: alter table if exists book_request drop constraint if exists FK6vrnsl74dq4aa1n9ail8c40s0
Hibernate: alter table if exists book_request drop constraint if exists FKm39gpcesvu1l60saexgsoptjt
Hibernate: alter table if exists user_profile_book_offers drop constraint if exists FKgb61wsmksnqfm248kppoven7b
Hibernate: alter table if exists user_profile_book_offers drop constraint if exists FK6yv2bwf2oh1ci2iefycyun9me
Hibernate: alter table if exists user_profile_favorite_categories drop constraint if exists FK3p4sugirsd434ls2uyr8lm1gp
Hibernate: alter table if exists user_profile_favorite_categories drop constraint if exists FKps6nqcwnrx9d25kryfte9pufe
Hibernate: alter table if exists user_profile_outgoing_book_requests drop constraint if exists FKdf7tl4sqhkawgpyekhahjtegv
Hibernate: alter table if exists user_profile_outgoing_book_requests drop constraint if exists FK8otyxt09ok14v8pqtbtlcne8a
Hibernate: alter table if exists user_profile_notifications drop constraint if exists FKspgfauj74q0mgypxdtyg2k1v5
Hibernate: drop table if exists author cascade
Hibernate: drop table if exists book cascade
Hibernate: drop table if exists book_authors cascade
Hibernate: drop table if exists book_categories cascade
Hibernate: drop table if exists book_category cascade
Hibernate: drop table if exists book_offer cascade
Hibernate: drop table if exists book_offer_requests cascade
Hibernate: drop table if exists book_request cascade
Hibernate: drop table if exists user_profile cascade
Hibernate: drop table if exists user_profile_book_offers cascade
Hibernate: drop table if exists user_profile_favorite_categories cascade
Hibernate: drop table if exists user_profile_outgoing_book_requests cascade
Hibernate: drop table if exists user_profile_notifications cascade
Hibernate: drop sequence if exists author_seq
Hibernate: drop sequence if exists book_category_seq
Hibernate: drop sequence if exists book_offer_seq
Hibernate: drop sequence if exists book_request_seq
Hibernate: drop sequence if exists book_seq
Hibernate: drop sequence if exists user_profile_seq
Hibernate: create sequence author_seq start with 1 increment by 50
Hibernate: create sequence book_category_seq start with 1 increment by 50
Hibernate: create sequence book_offer_seq start with 1 increment by 50
Hibernate: create sequence book_request_seq start with 1 increment by 50
Hibernate: create sequence book_seq start with 1 increment by 50
Hibernate: create sequence user_profile_seq start with 1 increment by 50
Hibernate: create table author (id integer not null, name varchar(255), primary key (id))
Hibernate: create table book (id integer not null, summary varchar(255), title varchar(255), primary key (id))
Hibernate: create table book_authors (authors_id integer not null, book_id integer not null)
Hibernate: create table book_categories (book_id integer not null, categories_id bigint not null)
Hibernate: create table book_category (id bigint not null, name varchar(255) unique, primary key (id))
Hibernate: create table book_offer (offered_book_id integer unique, id bigint not null, offeror_id bigint, post_date timestamp(6), offer_description varchar(255), primary key (id))
Hibernate: create table book_offer_requests (book_offer_id bigint not null, requests_id bigint not null unique)
Hibernate: create table book_request (book_offer_id bigint, id bigint not null, requestee_id bigint, primary key (id), unique (requestee_id, book_offer_id))
Hibernate: create table user_profile (date_of_birth date, id bigint not null, bio varchar(255), email varchar(255) unique, first_name varchar(255), last_name varchar(255), password varchar(255), primary key (id))
Hibernate: create table user_profile_book_offers (book_offers_id bigint not null unique, user_profile_id bigint not null)
Hibernate: create table user_profile_favorite_categories (favorite_categories_id bigint not null, user_profile_id bigint not null)
Hibernate: create table user_profile_outgoing_book_requests (outgoing_book_requests_id bigint not null unique, user_profile_id bigint not null)
Hibernate: create table user_profile_notifications (user_profile_id bigint not null, notifications varchar(255))
Hibernate: alter table if exists book_authors add constraint FK551i3sllw1wj7ex6nir16blsm foreign key (authors_id) references author
Hibernate: alter table if exists book_authors add constraint FKs4xm7q8i3uxvaiswj1c35nnxw foreign key (book_id) references book
Hibernate: alter table if exists book_categories add constraint FKpm3c24k4vdceji5h47d5u9w2i foreign key (categories_id) references book_category
Hibernate: alter table if exists book_categories add constraint FKrq5mftm1ejl023epqbn42lpa3 foreign key (book_id) references book
Hibernate: alter table if exists book_offer add constraint FKepykb45t97hbcxpbee4s2hb2r foreign key (offered_book_id) references book
Hibernate: alter table if exists book_offer add constraint FKdr0ismuose2n030tfeiaq0mda foreign key (offeror_id) references user_profile
Hibernate: alter table if exists book_offer_requests add constraint FKqsawiycp7xjpk7rcvjmfy1kpk foreign key (requests_id) references book_request
Hibernate: alter table if exists book_offer_requests add constraint FKjbloa7h2g3bquw2bh3qg2kn1j foreign key (book_offer_id) references book_offer
Hibernate: alter table if exists book_request add constraint FK6vrnsl74dq4aa1n9ail8c40s0 foreign key (book_offer_id) references book_offer
Hibernate: alter table if exists book_request add constraint FKm39gpcesvu1l60saexgsoptjt foreign key (requestee_id) references user_profile
Hibernate: alter table if exists user_profile_book_offers add constraint FKgb61wsmksnqfm248kppoven7b foreign key (book_offers_id) references book_offer
Hibernate: alter table if exists user_profile_book_offers add constraint FK6yv2bwf2oh1ci2iefycyun9me foreign key (user_profile_id) references user_profile
Hibernate: alter table if exists user_profile_favorite_categories add constraint FK3p4sugirsd434ls2uyr8lm1gp foreign key (favorite_categories_id) references book_category
Hibernate: alter table if exists user_profile_favorite_categories add constraint FKps6nqcwnrx9d25kryfte9pufe foreign key (user_profile_id) references user_profile
Hibernate: alter table if exists user_profile_outgoing_book_requests add constraint FKdf7tl4sqhkawgpyekhahjtegv foreign key (outgoing_book_requests_id) references book_request
Hibernate: alter table if exists user_profile_outgoing_book_requests add constraint FK8otyxt09ok14v8pqtbtlcne8a foreign key (user_profile_id) references user_profile
Hibernate: alter table if exists user_profile_notifications add constraint FKspgfauj74q0mgypxdtyg2k1v5 foreign key (user_profile_id) references user_profile
2024-11-06T10:49:11.269+02:00  INFO 11448 --- [           main] j.LocalContainerEntityManagerFactoryBean : Initialized JPA EntityManagerFactory for persistence unit 'default'
2024-11-06T10:49:11.315+02:00  WARN 11448 --- [           main] JpaBaseConfiguration$JpaWebConfiguration : spring.jpa.open-in-view is enabled by default. Therefore, database queries may be performed during view rendering. Explicitly configure spring.jpa.open-in-view to disable this warning
2024-11-06T10:49:11.336+02:00  INFO 11448 --- [           main] o.s.s.web.DefaultSecurityFilterChain     : Will secure any request with [org.springframework.security.web.session.DisableEncodeUrlFilter@1a224174, org.springframework.security.web.context.request.async.WebAsyncManagerIntegrationFilter@d407b1, org.springframework.security.web.context.SecurityContextHolderFilter@39491dc, org.springframework.security.web.header.HeaderWriterFilter@27342f02, org.springframework.web.filter.CorsFilter@9f5c03, org.springframework.security.web.csrf.CsrfFilter@75919725, org.springframework.security.web.authentication.logout.LogoutFilter@6383b7da, org.springframework.security.web.authentication.UsernamePasswordAuthenticationFilter@64e11755, org.springframework.security.web.savedrequest.RequestCacheAwareFilter@7a450634, org.springframework.security.web.servletapi.SecurityContextHolderAwareRequestFilter@4274af83, org.springframework.security.web.authentication.AnonymousAuthenticationFilter@6ca8b8fa, org.springframework.security.web.access.ExceptionTranslationFilter@1773fc0, org.springframework.security.web.access.intercept.AuthorizationFilter@56cac028]
2024-11-06T10:49:11.359+02:00  INFO 11448 --- [           main] o.b.service.BookRequestServiceTest       : Started BookRequestServiceTest in 0.342 seconds (process running for 17.997)
Hibernate: select up1_0.id,up1_0.bio,up1_0.date_of_birth,up1_0.email,up1_0.first_name,up1_0.last_name,up1_0.password from user_profile up1_0 where up1_0.id is null
Hibernate: select nextval('user_profile_seq')
Hibernate: insert into user_profile (bio,date_of_birth,email,first_name,last_name,password,id) values (?,?,?,?,?,?,?)
Hibernate: select up1_0.id,up1_0.bio,up1_0.date_of_birth,up1_0.email,up1_0.first_name,up1_0.last_name,up1_0.password from user_profile up1_0 where up1_0.id is null
Hibernate: select nextval('user_profile_seq')
Hibernate: insert into user_profile (bio,date_of_birth,email,first_name,last_name,password,id) values (?,?,?,?,?,?,?)
Hibernate: select up1_0.id,up1_0.bio,up1_0.date_of_birth,up1_0.email,up1_0.first_name,up1_0.last_name,up1_0.password from user_profile up1_0 where up1_0.id is null
Hibernate: select nextval('book_seq')
Hibernate: select nextval('book_offer_seq')
Hibernate: insert into user_profile (bio,date_of_birth,email,first_name,last_name,password,id) values (?,?,?,?,?,?,?)
Hibernate: insert into book (summary,title,id) values (?,?,?)
Hibernate: insert into book_offer (offer_description,offered_book_id,offeror_id,post_date,id) values (?,?,?,?,?)
Hibernate: insert into user_profile_book_offers (user_profile_id,book_offers_id) values (?,?)
Hibernate: select bo1_0.id,bo1_0.offer_description,bo1_0.offered_book_id,bo1_0.offeror_id,bo1_0.post_date from book_offer bo1_0 where bo1_0.id=?
Hibernate: select up1_0.id,up1_0.bio,up1_0.date_of_birth,up1_0.email,up1_0.first_name,up1_0.last_name,up1_0.password from user_profile up1_0 where up1_0.id=?
Hibernate: select nextval('book_request_seq')
]]></system-out>
  </testcase>
  <testcase name="deleteBookRequestById" classname="objectArmy.bookEater.service.BookRequestServiceTest" time="0.555">
    <system-out><![CDATA[2024-11-06T10:49:11.557+02:00  INFO 11448 --- [           main] j.LocalContainerEntityManagerFactoryBean : Closing JPA EntityManagerFactory for persistence unit 'default'
2024-11-06T10:49:11.557+02:00  INFO 11448 --- [           main] com.zaxxer.hikari.HikariDataSource       : HikariPool-23 - Shutdown initiated...
2024-11-06T10:49:11.578+02:00  INFO 11448 --- [           main] com.zaxxer.hikari.HikariDataSource       : HikariPool-23 - Shutdown completed.

  .   ____          _            __ _ _
 /\\ / ___'_ __ _ _(_)_ __  __ _ \ \ \ \
( ( )\___ | '_ | '_| | '_ \/ _` | \ \ \ \
 \\/  ___)| |_)| | | | | || (_| |  ) ) ) )
  '  |____| .__|_| |_|_| |_\__, | / / / /
 =========|_|==============|___/=/_/_/_/
 :: Spring Boot ::                (v3.2.4)

2024-11-06T10:49:11.587+02:00  INFO 11448 --- [           main] o.b.service.BookRequestServiceTest       : Starting BookRequestServiceTest using Java 17.0.11 with PID 11448 (started by Dell in C:\Users\Dell\IdeaProjects\Book-Eater\bookEater)
2024-11-06T10:49:11.587+02:00  INFO 11448 --- [           main] o.b.service.BookRequestServiceTest       : The following 1 profile is active: "test"
2024-11-06T10:49:11.642+02:00  INFO 11448 --- [           main] .s.d.r.c.RepositoryConfigurationDelegate : Bootstrapping Spring Data JPA repositories in DEFAULT mode.
2024-11-06T10:49:11.648+02:00  INFO 11448 --- [           main] .s.d.r.c.RepositoryConfigurationDelegate : Finished Spring Data repository scanning in 6 ms. Found 6 JPA repository interfaces.
2024-11-06T10:49:11.672+02:00  INFO 11448 --- [           main] o.hibernate.jpa.internal.util.LogHelper  : HHH000204: Processing PersistenceUnitInfo [name: default]
2024-11-06T10:49:11.673+02:00  INFO 11448 --- [           main] o.h.c.internal.RegionFactoryInitiator    : HHH000026: Second-level cache disabled
2024-11-06T10:49:11.677+02:00  INFO 11448 --- [           main] o.s.o.j.p.SpringPersistenceUnitInfo      : No LoadTimeWeaver setup: ignoring JPA class transformer
2024-11-06T10:49:11.677+02:00  INFO 11448 --- [           main] com.zaxxer.hikari.HikariDataSource       : HikariPool-24 - Starting...
2024-11-06T10:49:11.702+02:00  INFO 11448 --- [           main] com.zaxxer.hikari.pool.HikariPool        : HikariPool-24 - Added connection org.postgresql.jdbc.PgConnection@7a0510f
2024-11-06T10:49:11.702+02:00  INFO 11448 --- [           main] com.zaxxer.hikari.HikariDataSource       : HikariPool-24 - Start completed.
2024-11-06T10:49:11.743+02:00  INFO 11448 --- [           main] o.h.e.t.j.p.i.JtaPlatformInitiator       : HHH000490: Using JTA platform [org.hibernate.engine.transaction.jta.platform.internal.AtomikosJtaPlatform]
Hibernate: alter table if exists book_authors drop constraint if exists FK551i3sllw1wj7ex6nir16blsm
Hibernate: alter table if exists book_authors drop constraint if exists FKs4xm7q8i3uxvaiswj1c35nnxw
Hibernate: alter table if exists book_categories drop constraint if exists FKpm3c24k4vdceji5h47d5u9w2i
Hibernate: alter table if exists book_categories drop constraint if exists FKrq5mftm1ejl023epqbn42lpa3
Hibernate: alter table if exists book_offer drop constraint if exists FKepykb45t97hbcxpbee4s2hb2r
Hibernate: alter table if exists book_offer drop constraint if exists FKdr0ismuose2n030tfeiaq0mda
Hibernate: alter table if exists book_offer_requests drop constraint if exists FKqsawiycp7xjpk7rcvjmfy1kpk
Hibernate: alter table if exists book_offer_requests drop constraint if exists FKjbloa7h2g3bquw2bh3qg2kn1j
Hibernate: alter table if exists book_request drop constraint if exists FK6vrnsl74dq4aa1n9ail8c40s0
Hibernate: alter table if exists book_request drop constraint if exists FKm39gpcesvu1l60saexgsoptjt
Hibernate: alter table if exists user_profile_book_offers drop constraint if exists FKgb61wsmksnqfm248kppoven7b
Hibernate: alter table if exists user_profile_book_offers drop constraint if exists FK6yv2bwf2oh1ci2iefycyun9me
Hibernate: alter table if exists user_profile_favorite_categories drop constraint if exists FK3p4sugirsd434ls2uyr8lm1gp
Hibernate: alter table if exists user_profile_favorite_categories drop constraint if exists FKps6nqcwnrx9d25kryfte9pufe
Hibernate: alter table if exists user_profile_outgoing_book_requests drop constraint if exists FKdf7tl4sqhkawgpyekhahjtegv
Hibernate: alter table if exists user_profile_outgoing_book_requests drop constraint if exists FK8otyxt09ok14v8pqtbtlcne8a
Hibernate: alter table if exists user_profile_notifications drop constraint if exists FKspgfauj74q0mgypxdtyg2k1v5
Hibernate: drop table if exists author cascade
Hibernate: drop table if exists book cascade
Hibernate: drop table if exists book_authors cascade
Hibernate: drop table if exists book_categories cascade
Hibernate: drop table if exists book_category cascade
Hibernate: drop table if exists book_offer cascade
Hibernate: drop table if exists book_offer_requests cascade
Hibernate: drop table if exists book_request cascade
Hibernate: drop table if exists user_profile cascade
Hibernate: drop table if exists user_profile_book_offers cascade
Hibernate: drop table if exists user_profile_favorite_categories cascade
Hibernate: drop table if exists user_profile_outgoing_book_requests cascade
Hibernate: drop table if exists user_profile_notifications cascade
Hibernate: drop sequence if exists author_seq
Hibernate: drop sequence if exists book_category_seq
Hibernate: drop sequence if exists book_offer_seq
Hibernate: drop sequence if exists book_request_seq
Hibernate: drop sequence if exists book_seq
Hibernate: drop sequence if exists user_profile_seq
Hibernate: create sequence author_seq start with 1 increment by 50
Hibernate: create sequence book_category_seq start with 1 increment by 50
Hibernate: create sequence book_offer_seq start with 1 increment by 50
Hibernate: create sequence book_request_seq start with 1 increment by 50
Hibernate: create sequence book_seq start with 1 increment by 50
Hibernate: create sequence user_profile_seq start with 1 increment by 50
Hibernate: create table author (id integer not null, name varchar(255), primary key (id))
Hibernate: create table book (id integer not null, summary varchar(255), title varchar(255), primary key (id))
Hibernate: create table book_authors (authors_id integer not null, book_id integer not null)
Hibernate: create table book_categories (book_id integer not null, categories_id bigint not null)
Hibernate: create table book_category (id bigint not null, name varchar(255) unique, primary key (id))
Hibernate: create table book_offer (offered_book_id integer unique, id bigint not null, offeror_id bigint, post_date timestamp(6), offer_description varchar(255), primary key (id))
Hibernate: create table book_offer_requests (book_offer_id bigint not null, requests_id bigint not null unique)
Hibernate: create table book_request (book_offer_id bigint, id bigint not null, requestee_id bigint, primary key (id), unique (requestee_id, book_offer_id))
Hibernate: create table user_profile (date_of_birth date, id bigint not null, bio varchar(255), email varchar(255) unique, first_name varchar(255), last_name varchar(255), password varchar(255), primary key (id))
Hibernate: create table user_profile_book_offers (book_offers_id bigint not null unique, user_profile_id bigint not null)
Hibernate: create table user_profile_favorite_categories (favorite_categories_id bigint not null, user_profile_id bigint not null)
Hibernate: create table user_profile_outgoing_book_requests (outgoing_book_requests_id bigint not null unique, user_profile_id bigint not null)
Hibernate: create table user_profile_notifications (user_profile_id bigint not null, notifications varchar(255))
Hibernate: alter table if exists book_authors add constraint FK551i3sllw1wj7ex6nir16blsm foreign key (authors_id) references author
Hibernate: alter table if exists book_authors add constraint FKs4xm7q8i3uxvaiswj1c35nnxw foreign key (book_id) references book
Hibernate: alter table if exists book_categories add constraint FKpm3c24k4vdceji5h47d5u9w2i foreign key (categories_id) references book_category
Hibernate: alter table if exists book_categories add constraint FKrq5mftm1ejl023epqbn42lpa3 foreign key (book_id) references book
Hibernate: alter table if exists book_offer add constraint FKepykb45t97hbcxpbee4s2hb2r foreign key (offered_book_id) references book
Hibernate: alter table if exists book_offer add constraint FKdr0ismuose2n030tfeiaq0mda foreign key (offeror_id) references user_profile
Hibernate: alter table if exists book_offer_requests add constraint FKqsawiycp7xjpk7rcvjmfy1kpk foreign key (requests_id) references book_request
Hibernate: alter table if exists book_offer_requests add constraint FKjbloa7h2g3bquw2bh3qg2kn1j foreign key (book_offer_id) references book_offer
Hibernate: alter table if exists book_request add constraint FK6vrnsl74dq4aa1n9ail8c40s0 foreign key (book_offer_id) references book_offer
Hibernate: alter table if exists book_request add constraint FKm39gpcesvu1l60saexgsoptjt foreign key (requestee_id) references user_profile
Hibernate: alter table if exists user_profile_book_offers add constraint FKgb61wsmksnqfm248kppoven7b foreign key (book_offers_id) references book_offer
Hibernate: alter table if exists user_profile_book_offers add constraint FK6yv2bwf2oh1ci2iefycyun9me foreign key (user_profile_id) references user_profile
Hibernate: alter table if exists user_profile_favorite_categories add constraint FK3p4sugirsd434ls2uyr8lm1gp foreign key (favorite_categories_id) references book_category
Hibernate: alter table if exists user_profile_favorite_categories add constraint FKps6nqcwnrx9d25kryfte9pufe foreign key (user_profile_id) references user_profile
Hibernate: alter table if exists user_profile_outgoing_book_requests add constraint FKdf7tl4sqhkawgpyekhahjtegv foreign key (outgoing_book_requests_id) references book_request
Hibernate: alter table if exists user_profile_outgoing_book_requests add constraint FK8otyxt09ok14v8pqtbtlcne8a foreign key (user_profile_id) references user_profile
Hibernate: alter table if exists user_profile_notifications add constraint FKspgfauj74q0mgypxdtyg2k1v5 foreign key (user_profile_id) references user_profile
2024-11-06T10:49:11.813+02:00  INFO 11448 --- [           main] j.LocalContainerEntityManagerFactoryBean : Initialized JPA EntityManagerFactory for persistence unit 'default'
2024-11-06T10:49:11.860+02:00  WARN 11448 --- [           main] JpaBaseConfiguration$JpaWebConfiguration : spring.jpa.open-in-view is enabled by default. Therefore, database queries may be performed during view rendering. Explicitly configure spring.jpa.open-in-view to disable this warning
2024-11-06T10:49:11.885+02:00  INFO 11448 --- [           main] o.s.s.web.DefaultSecurityFilterChain     : Will secure any request with [org.springframework.security.web.session.DisableEncodeUrlFilter@5b6702a0, org.springframework.security.web.context.request.async.WebAsyncManagerIntegrationFilter@1e20b7c0, org.springframework.security.web.context.SecurityContextHolderFilter@421fe966, org.springframework.security.web.header.HeaderWriterFilter@2699f2b8, org.springframework.web.filter.CorsFilter@7e4594ac, org.springframework.security.web.csrf.CsrfFilter@1158e89a, org.springframework.security.web.authentication.logout.LogoutFilter@4624201e, org.springframework.security.web.authentication.UsernamePasswordAuthenticationFilter@3c24f1ea, org.springframework.security.web.savedrequest.RequestCacheAwareFilter@1455d587, org.springframework.security.web.servletapi.SecurityContextHolderAwareRequestFilter@12289e07, org.springframework.security.web.authentication.AnonymousAuthenticationFilter@65f5912f, org.springframework.security.web.access.ExceptionTranslationFilter@71eee2a8, org.springframework.security.web.access.intercept.AuthorizationFilter@2a694d8d]
2024-11-06T10:49:11.911+02:00  INFO 11448 --- [           main] o.b.service.BookRequestServiceTest       : Started BookRequestServiceTest in 0.332 seconds (process running for 18.55)
Hibernate: select up1_0.id,up1_0.bio,up1_0.date_of_birth,up1_0.email,up1_0.first_name,up1_0.last_name,up1_0.password from user_profile up1_0 where up1_0.id is null
Hibernate: select nextval('user_profile_seq')
Hibernate: insert into user_profile (bio,date_of_birth,email,first_name,last_name,password,id) values (?,?,?,?,?,?,?)
Hibernate: select up1_0.id,up1_0.bio,up1_0.date_of_birth,up1_0.email,up1_0.first_name,up1_0.last_name,up1_0.password from user_profile up1_0 where up1_0.id is null
Hibernate: select nextval('user_profile_seq')
Hibernate: insert into user_profile (bio,date_of_birth,email,first_name,last_name,password,id) values (?,?,?,?,?,?,?)
Hibernate: select up1_0.id,up1_0.bio,up1_0.date_of_birth,up1_0.email,up1_0.first_name,up1_0.last_name,up1_0.password from user_profile up1_0 where up1_0.id is null
Hibernate: select nextval('book_seq')
Hibernate: select nextval('book_offer_seq')
Hibernate: insert into user_profile (bio,date_of_birth,email,first_name,last_name,password,id) values (?,?,?,?,?,?,?)
Hibernate: insert into book (summary,title,id) values (?,?,?)
Hibernate: insert into book_offer (offer_description,offered_book_id,offeror_id,post_date,id) values (?,?,?,?,?)
Hibernate: insert into user_profile_book_offers (user_profile_id,book_offers_id) values (?,?)
Hibernate: select bo1_0.id,bo1_0.offer_description,bo1_0.offered_book_id,bo1_0.offeror_id,bo1_0.post_date from book_offer bo1_0 where bo1_0.id=?
Hibernate: select up1_0.id,up1_0.bio,up1_0.date_of_birth,up1_0.email,up1_0.first_name,up1_0.last_name,up1_0.password from user_profile up1_0 where up1_0.id=?
Hibernate: select nextval('book_request_seq')
2024-11-06T10:49:12.110+02:00  INFO 11448 --- [           main] o.bookEater.entity.user.UserProfile      : Request removed fromaFirstName aLastName
]]></system-out>
  </testcase>
  <testcase name="saveBookRequest" classname="objectArmy.bookEater.service.BookRequestServiceTest" time="0.557">
    <system-out><![CDATA[2024-11-06T10:49:12.113+02:00  INFO 11448 --- [           main] j.LocalContainerEntityManagerFactoryBean : Closing JPA EntityManagerFactory for persistence unit 'default'
2024-11-06T10:49:12.113+02:00  INFO 11448 --- [           main] com.zaxxer.hikari.HikariDataSource       : HikariPool-24 - Shutdown initiated...
2024-11-06T10:49:12.138+02:00  INFO 11448 --- [           main] com.zaxxer.hikari.HikariDataSource       : HikariPool-24 - Shutdown completed.

  .   ____          _            __ _ _
 /\\ / ___'_ __ _ _(_)_ __  __ _ \ \ \ \
( ( )\___ | '_ | '_| | '_ \/ _` | \ \ \ \
 \\/  ___)| |_)| | | | | || (_| |  ) ) ) )
  '  |____| .__|_| |_|_| |_\__, | / / / /
 =========|_|==============|___/=/_/_/_/
 :: Spring Boot ::                (v3.2.4)

2024-11-06T10:49:12.147+02:00  INFO 11448 --- [           main] o.b.service.BookRequestServiceTest       : Starting BookRequestServiceTest using Java 17.0.11 with PID 11448 (started by Dell in C:\Users\Dell\IdeaProjects\Book-Eater\bookEater)
2024-11-06T10:49:12.147+02:00  INFO 11448 --- [           main] o.b.service.BookRequestServiceTest       : The following 1 profile is active: "test"
2024-11-06T10:49:12.197+02:00  INFO 11448 --- [           main] .s.d.r.c.RepositoryConfigurationDelegate : Bootstrapping Spring Data JPA repositories in DEFAULT mode.
2024-11-06T10:49:12.202+02:00  INFO 11448 --- [           main] .s.d.r.c.RepositoryConfigurationDelegate : Finished Spring Data repository scanning in 5 ms. Found 6 JPA repository interfaces.
2024-11-06T10:49:12.224+02:00  INFO 11448 --- [           main] o.hibernate.jpa.internal.util.LogHelper  : HHH000204: Processing PersistenceUnitInfo [name: default]
2024-11-06T10:49:12.225+02:00  INFO 11448 --- [           main] o.h.c.internal.RegionFactoryInitiator    : HHH000026: Second-level cache disabled
2024-11-06T10:49:12.227+02:00  INFO 11448 --- [           main] o.s.o.j.p.SpringPersistenceUnitInfo      : No LoadTimeWeaver setup: ignoring JPA class transformer
2024-11-06T10:49:12.227+02:00  INFO 11448 --- [           main] com.zaxxer.hikari.HikariDataSource       : HikariPool-25 - Starting...
2024-11-06T10:49:12.252+02:00  INFO 11448 --- [           main] com.zaxxer.hikari.pool.HikariPool        : HikariPool-25 - Added connection org.postgresql.jdbc.PgConnection@5f89ce1e
2024-11-06T10:49:12.252+02:00  INFO 11448 --- [           main] com.zaxxer.hikari.HikariDataSource       : HikariPool-25 - Start completed.
2024-11-06T10:49:12.294+02:00  INFO 11448 --- [           main] o.h.e.t.j.p.i.JtaPlatformInitiator       : HHH000490: Using JTA platform [org.hibernate.engine.transaction.jta.platform.internal.AtomikosJtaPlatform]
Hibernate: alter table if exists book_authors drop constraint if exists FK551i3sllw1wj7ex6nir16blsm
Hibernate: alter table if exists book_authors drop constraint if exists FKs4xm7q8i3uxvaiswj1c35nnxw
Hibernate: alter table if exists book_categories drop constraint if exists FKpm3c24k4vdceji5h47d5u9w2i
Hibernate: alter table if exists book_categories drop constraint if exists FKrq5mftm1ejl023epqbn42lpa3
Hibernate: alter table if exists book_offer drop constraint if exists FKepykb45t97hbcxpbee4s2hb2r
Hibernate: alter table if exists book_offer drop constraint if exists FKdr0ismuose2n030tfeiaq0mda
Hibernate: alter table if exists book_offer_requests drop constraint if exists FKqsawiycp7xjpk7rcvjmfy1kpk
Hibernate: alter table if exists book_offer_requests drop constraint if exists FKjbloa7h2g3bquw2bh3qg2kn1j
Hibernate: alter table if exists book_request drop constraint if exists FK6vrnsl74dq4aa1n9ail8c40s0
Hibernate: alter table if exists book_request drop constraint if exists FKm39gpcesvu1l60saexgsoptjt
Hibernate: alter table if exists user_profile_book_offers drop constraint if exists FKgb61wsmksnqfm248kppoven7b
Hibernate: alter table if exists user_profile_book_offers drop constraint if exists FK6yv2bwf2oh1ci2iefycyun9me
Hibernate: alter table if exists user_profile_favorite_categories drop constraint if exists FK3p4sugirsd434ls2uyr8lm1gp
Hibernate: alter table if exists user_profile_favorite_categories drop constraint if exists FKps6nqcwnrx9d25kryfte9pufe
Hibernate: alter table if exists user_profile_outgoing_book_requests drop constraint if exists FKdf7tl4sqhkawgpyekhahjtegv
Hibernate: alter table if exists user_profile_outgoing_book_requests drop constraint if exists FK8otyxt09ok14v8pqtbtlcne8a
Hibernate: alter table if exists user_profile_notifications drop constraint if exists FKspgfauj74q0mgypxdtyg2k1v5
Hibernate: drop table if exists author cascade
Hibernate: drop table if exists book cascade
Hibernate: drop table if exists book_authors cascade
Hibernate: drop table if exists book_categories cascade
Hibernate: drop table if exists book_category cascade
Hibernate: drop table if exists book_offer cascade
Hibernate: drop table if exists book_offer_requests cascade
Hibernate: drop table if exists book_request cascade
Hibernate: drop table if exists user_profile cascade
Hibernate: drop table if exists user_profile_book_offers cascade
Hibernate: drop table if exists user_profile_favorite_categories cascade
Hibernate: drop table if exists user_profile_outgoing_book_requests cascade
Hibernate: drop table if exists user_profile_notifications cascade
Hibernate: drop sequence if exists author_seq
Hibernate: drop sequence if exists book_category_seq
Hibernate: drop sequence if exists book_offer_seq
Hibernate: drop sequence if exists book_request_seq
Hibernate: drop sequence if exists book_seq
Hibernate: drop sequence if exists user_profile_seq
Hibernate: create sequence author_seq start with 1 increment by 50
Hibernate: create sequence book_category_seq start with 1 increment by 50
Hibernate: create sequence book_offer_seq start with 1 increment by 50
Hibernate: create sequence book_request_seq start with 1 increment by 50
Hibernate: create sequence book_seq start with 1 increment by 50
Hibernate: create sequence user_profile_seq start with 1 increment by 50
Hibernate: create table author (id integer not null, name varchar(255), primary key (id))
Hibernate: create table book (id integer not null, summary varchar(255), title varchar(255), primary key (id))
Hibernate: create table book_authors (authors_id integer not null, book_id integer not null)
Hibernate: create table book_categories (book_id integer not null, categories_id bigint not null)
Hibernate: create table book_category (id bigint not null, name varchar(255) unique, primary key (id))
Hibernate: create table book_offer (offered_book_id integer unique, id bigint not null, offeror_id bigint, post_date timestamp(6), offer_description varchar(255), primary key (id))
Hibernate: create table book_offer_requests (book_offer_id bigint not null, requests_id bigint not null unique)
Hibernate: create table book_request (book_offer_id bigint, id bigint not null, requestee_id bigint, primary key (id), unique (requestee_id, book_offer_id))
Hibernate: create table user_profile (date_of_birth date, id bigint not null, bio varchar(255), email varchar(255) unique, first_name varchar(255), last_name varchar(255), password varchar(255), primary key (id))
Hibernate: create table user_profile_book_offers (book_offers_id bigint not null unique, user_profile_id bigint not null)
Hibernate: create table user_profile_favorite_categories (favorite_categories_id bigint not null, user_profile_id bigint not null)
Hibernate: create table user_profile_outgoing_book_requests (outgoing_book_requests_id bigint not null unique, user_profile_id bigint not null)
Hibernate: create table user_profile_notifications (user_profile_id bigint not null, notifications varchar(255))
Hibernate: alter table if exists book_authors add constraint FK551i3sllw1wj7ex6nir16blsm foreign key (authors_id) references author
Hibernate: alter table if exists book_authors add constraint FKs4xm7q8i3uxvaiswj1c35nnxw foreign key (book_id) references book
Hibernate: alter table if exists book_categories add constraint FKpm3c24k4vdceji5h47d5u9w2i foreign key (categories_id) references book_category
Hibernate: alter table if exists book_categories add constraint FKrq5mftm1ejl023epqbn42lpa3 foreign key (book_id) references book
Hibernate: alter table if exists book_offer add constraint FKepykb45t97hbcxpbee4s2hb2r foreign key (offered_book_id) references book
Hibernate: alter table if exists book_offer add constraint FKdr0ismuose2n030tfeiaq0mda foreign key (offeror_id) references user_profile
Hibernate: alter table if exists book_offer_requests add constraint FKqsawiycp7xjpk7rcvjmfy1kpk foreign key (requests_id) references book_request
Hibernate: alter table if exists book_offer_requests add constraint FKjbloa7h2g3bquw2bh3qg2kn1j foreign key (book_offer_id) references book_offer
Hibernate: alter table if exists book_request add constraint FK6vrnsl74dq4aa1n9ail8c40s0 foreign key (book_offer_id) references book_offer
Hibernate: alter table if exists book_request add constraint FKm39gpcesvu1l60saexgsoptjt foreign key (requestee_id) references user_profile
Hibernate: alter table if exists user_profile_book_offers add constraint FKgb61wsmksnqfm248kppoven7b foreign key (book_offers_id) references book_offer
Hibernate: alter table if exists user_profile_book_offers add constraint FK6yv2bwf2oh1ci2iefycyun9me foreign key (user_profile_id) references user_profile
Hibernate: alter table if exists user_profile_favorite_categories add constraint FK3p4sugirsd434ls2uyr8lm1gp foreign key (favorite_categories_id) references book_category
Hibernate: alter table if exists user_profile_favorite_categories add constraint FKps6nqcwnrx9d25kryfte9pufe foreign key (user_profile_id) references user_profile
Hibernate: alter table if exists user_profile_outgoing_book_requests add constraint FKdf7tl4sqhkawgpyekhahjtegv foreign key (outgoing_book_requests_id) references book_request
Hibernate: alter table if exists user_profile_outgoing_book_requests add constraint FK8otyxt09ok14v8pqtbtlcne8a foreign key (user_profile_id) references user_profile
Hibernate: alter table if exists user_profile_notifications add constraint FKspgfauj74q0mgypxdtyg2k1v5 foreign key (user_profile_id) references user_profile
2024-11-06T10:49:12.382+02:00  INFO 11448 --- [           main] j.LocalContainerEntityManagerFactoryBean : Initialized JPA EntityManagerFactory for persistence unit 'default'
2024-11-06T10:49:12.426+02:00  WARN 11448 --- [           main] JpaBaseConfiguration$JpaWebConfiguration : spring.jpa.open-in-view is enabled by default. Therefore, database queries may be performed during view rendering. Explicitly configure spring.jpa.open-in-view to disable this warning
2024-11-06T10:49:12.445+02:00  INFO 11448 --- [           main] o.s.s.web.DefaultSecurityFilterChain     : Will secure any request with [org.springframework.security.web.session.DisableEncodeUrlFilter@69dadddf, org.springframework.security.web.context.request.async.WebAsyncManagerIntegrationFilter@277ce807, org.springframework.security.web.context.SecurityContextHolderFilter@140566dc, org.springframework.security.web.header.HeaderWriterFilter@69c7d3d, org.springframework.web.filter.CorsFilter@4f1a2897, org.springframework.security.web.csrf.CsrfFilter@7466d5ee, org.springframework.security.web.authentication.logout.LogoutFilter@245a64c, org.springframework.security.web.authentication.UsernamePasswordAuthenticationFilter@46827485, org.springframework.security.web.savedrequest.RequestCacheAwareFilter@560e0817, org.springframework.security.web.servletapi.SecurityContextHolderAwareRequestFilter@58d9ef0c, org.springframework.security.web.authentication.AnonymousAuthenticationFilter@1ae95bad, org.springframework.security.web.access.ExceptionTranslationFilter@787ed4fe, org.springframework.security.web.access.intercept.AuthorizationFilter@331b62b5]
2024-11-06T10:49:12.471+02:00  INFO 11448 --- [           main] o.b.service.BookRequestServiceTest       : Started BookRequestServiceTest in 0.331 seconds (process running for 19.11)
Hibernate: select up1_0.id,up1_0.bio,up1_0.date_of_birth,up1_0.email,up1_0.first_name,up1_0.last_name,up1_0.password from user_profile up1_0 where up1_0.id is null
Hibernate: select nextval('user_profile_seq')
Hibernate: insert into user_profile (bio,date_of_birth,email,first_name,last_name,password,id) values (?,?,?,?,?,?,?)
Hibernate: select up1_0.id,up1_0.bio,up1_0.date_of_birth,up1_0.email,up1_0.first_name,up1_0.last_name,up1_0.password from user_profile up1_0 where up1_0.id is null
Hibernate: select nextval('user_profile_seq')
Hibernate: insert into user_profile (bio,date_of_birth,email,first_name,last_name,password,id) values (?,?,?,?,?,?,?)
Hibernate: select up1_0.id,up1_0.bio,up1_0.date_of_birth,up1_0.email,up1_0.first_name,up1_0.last_name,up1_0.password from user_profile up1_0 where up1_0.id is null
Hibernate: select nextval('book_seq')
Hibernate: select nextval('book_offer_seq')
Hibernate: insert into user_profile (bio,date_of_birth,email,first_name,last_name,password,id) values (?,?,?,?,?,?,?)
Hibernate: insert into book (summary,title,id) values (?,?,?)
Hibernate: insert into book_offer (offer_description,offered_book_id,offeror_id,post_date,id) values (?,?,?,?,?)
Hibernate: insert into user_profile_book_offers (user_profile_id,book_offers_id) values (?,?)
Hibernate: select bo1_0.id,bo1_0.offer_description,bo1_0.offered_book_id,bo1_0.offeror_id,bo1_0.post_date from book_offer bo1_0 where bo1_0.id=?
Hibernate: select up1_0.id,up1_0.bio,up1_0.date_of_birth,up1_0.email,up1_0.first_name,up1_0.last_name,up1_0.password from user_profile up1_0 where up1_0.id=?
Hibernate: select nextval('book_request_seq')
]]></system-out>
  </testcase>
  <testcase name="acceptRequest" classname="objectArmy.bookEater.service.BookRequestServiceTest" time="0.531">
    <system-out><![CDATA[2024-11-06T10:49:12.672+02:00  INFO 11448 --- [           main] j.LocalContainerEntityManagerFactoryBean : Closing JPA EntityManagerFactory for persistence unit 'default'
2024-11-06T10:49:12.672+02:00  INFO 11448 --- [           main] com.zaxxer.hikari.HikariDataSource       : HikariPool-25 - Shutdown initiated...
2024-11-06T10:49:12.683+02:00  INFO 11448 --- [           main] com.zaxxer.hikari.HikariDataSource       : HikariPool-25 - Shutdown completed.

  .   ____          _            __ _ _
 /\\ / ___'_ __ _ _(_)_ __  __ _ \ \ \ \
( ( )\___ | '_ | '_| | '_ \/ _` | \ \ \ \
 \\/  ___)| |_)| | | | | || (_| |  ) ) ) )
  '  |____| .__|_| |_|_| |_\__, | / / / /
 =========|_|==============|___/=/_/_/_/
 :: Spring Boot ::                (v3.2.4)

2024-11-06T10:49:12.691+02:00  INFO 11448 --- [           main] o.b.service.BookRequestServiceTest       : Starting BookRequestServiceTest using Java 17.0.11 with PID 11448 (started by Dell in C:\Users\Dell\IdeaProjects\Book-Eater\bookEater)
2024-11-06T10:49:12.691+02:00  INFO 11448 --- [           main] o.b.service.BookRequestServiceTest       : The following 1 profile is active: "test"
2024-11-06T10:49:12.746+02:00  INFO 11448 --- [           main] .s.d.r.c.RepositoryConfigurationDelegate : Bootstrapping Spring Data JPA repositories in DEFAULT mode.
2024-11-06T10:49:12.752+02:00  INFO 11448 --- [           main] .s.d.r.c.RepositoryConfigurationDelegate : Finished Spring Data repository scanning in 6 ms. Found 6 JPA repository interfaces.
2024-11-06T10:49:12.777+02:00  INFO 11448 --- [           main] o.hibernate.jpa.internal.util.LogHelper  : HHH000204: Processing PersistenceUnitInfo [name: default]
2024-11-06T10:49:12.779+02:00  INFO 11448 --- [           main] o.h.c.internal.RegionFactoryInitiator    : HHH000026: Second-level cache disabled
2024-11-06T10:49:12.781+02:00  INFO 11448 --- [           main] o.s.o.j.p.SpringPersistenceUnitInfo      : No LoadTimeWeaver setup: ignoring JPA class transformer
2024-11-06T10:49:12.781+02:00  INFO 11448 --- [           main] com.zaxxer.hikari.HikariDataSource       : HikariPool-26 - Starting...
2024-11-06T10:49:12.805+02:00  INFO 11448 --- [           main] com.zaxxer.hikari.pool.HikariPool        : HikariPool-26 - Added connection org.postgresql.jdbc.PgConnection@6a41387f
2024-11-06T10:49:12.805+02:00  INFO 11448 --- [           main] com.zaxxer.hikari.HikariDataSource       : HikariPool-26 - Start completed.
2024-11-06T10:49:12.846+02:00  INFO 11448 --- [           main] o.h.e.t.j.p.i.JtaPlatformInitiator       : HHH000490: Using JTA platform [org.hibernate.engine.transaction.jta.platform.internal.AtomikosJtaPlatform]
Hibernate: alter table if exists book_authors drop constraint if exists FK551i3sllw1wj7ex6nir16blsm
Hibernate: alter table if exists book_authors drop constraint if exists FKs4xm7q8i3uxvaiswj1c35nnxw
Hibernate: alter table if exists book_categories drop constraint if exists FKpm3c24k4vdceji5h47d5u9w2i
Hibernate: alter table if exists book_categories drop constraint if exists FKrq5mftm1ejl023epqbn42lpa3
Hibernate: alter table if exists book_offer drop constraint if exists FKepykb45t97hbcxpbee4s2hb2r
Hibernate: alter table if exists book_offer drop constraint if exists FKdr0ismuose2n030tfeiaq0mda
Hibernate: alter table if exists book_offer_requests drop constraint if exists FKqsawiycp7xjpk7rcvjmfy1kpk
Hibernate: alter table if exists book_offer_requests drop constraint if exists FKjbloa7h2g3bquw2bh3qg2kn1j
Hibernate: alter table if exists book_request drop constraint if exists FK6vrnsl74dq4aa1n9ail8c40s0
Hibernate: alter table if exists book_request drop constraint if exists FKm39gpcesvu1l60saexgsoptjt
Hibernate: alter table if exists user_profile_book_offers drop constraint if exists FKgb61wsmksnqfm248kppoven7b
Hibernate: alter table if exists user_profile_book_offers drop constraint if exists FK6yv2bwf2oh1ci2iefycyun9me
Hibernate: alter table if exists user_profile_favorite_categories drop constraint if exists FK3p4sugirsd434ls2uyr8lm1gp
Hibernate: alter table if exists user_profile_favorite_categories drop constraint if exists FKps6nqcwnrx9d25kryfte9pufe
Hibernate: alter table if exists user_profile_outgoing_book_requests drop constraint if exists FKdf7tl4sqhkawgpyekhahjtegv
Hibernate: alter table if exists user_profile_outgoing_book_requests drop constraint if exists FK8otyxt09ok14v8pqtbtlcne8a
Hibernate: alter table if exists user_profile_notifications drop constraint if exists FKspgfauj74q0mgypxdtyg2k1v5
Hibernate: drop table if exists author cascade
Hibernate: drop table if exists book cascade
Hibernate: drop table if exists book_authors cascade
Hibernate: drop table if exists book_categories cascade
Hibernate: drop table if exists book_category cascade
Hibernate: drop table if exists book_offer cascade
Hibernate: drop table if exists book_offer_requests cascade
Hibernate: drop table if exists book_request cascade
Hibernate: drop table if exists user_profile cascade
Hibernate: drop table if exists user_profile_book_offers cascade
Hibernate: drop table if exists user_profile_favorite_categories cascade
Hibernate: drop table if exists user_profile_outgoing_book_requests cascade
Hibernate: drop table if exists user_profile_notifications cascade
Hibernate: drop sequence if exists author_seq
Hibernate: drop sequence if exists book_category_seq
Hibernate: drop sequence if exists book_offer_seq
Hibernate: drop sequence if exists book_request_seq
Hibernate: drop sequence if exists book_seq
Hibernate: drop sequence if exists user_profile_seq
Hibernate: create sequence author_seq start with 1 increment by 50
Hibernate: create sequence book_category_seq start with 1 increment by 50
Hibernate: create sequence book_offer_seq start with 1 increment by 50
Hibernate: create sequence book_request_seq start with 1 increment by 50
Hibernate: create sequence book_seq start with 1 increment by 50
Hibernate: create sequence user_profile_seq start with 1 increment by 50
Hibernate: create table author (id integer not null, name varchar(255), primary key (id))
Hibernate: create table book (id integer not null, summary varchar(255), title varchar(255), primary key (id))
Hibernate: create table book_authors (authors_id integer not null, book_id integer not null)
Hibernate: create table book_categories (book_id integer not null, categories_id bigint not null)
Hibernate: create table book_category (id bigint not null, name varchar(255) unique, primary key (id))
Hibernate: create table book_offer (offered_book_id integer unique, id bigint not null, offeror_id bigint, post_date timestamp(6), offer_description varchar(255), primary key (id))
Hibernate: create table book_offer_requests (book_offer_id bigint not null, requests_id bigint not null unique)
Hibernate: create table book_request (book_offer_id bigint, id bigint not null, requestee_id bigint, primary key (id), unique (requestee_id, book_offer_id))
Hibernate: create table user_profile (date_of_birth date, id bigint not null, bio varchar(255), email varchar(255) unique, first_name varchar(255), last_name varchar(255), password varchar(255), primary key (id))
Hibernate: create table user_profile_book_offers (book_offers_id bigint not null unique, user_profile_id bigint not null)
Hibernate: create table user_profile_favorite_categories (favorite_categories_id bigint not null, user_profile_id bigint not null)
Hibernate: create table user_profile_outgoing_book_requests (outgoing_book_requests_id bigint not null unique, user_profile_id bigint not null)
Hibernate: create table user_profile_notifications (user_profile_id bigint not null, notifications varchar(255))
Hibernate: alter table if exists book_authors add constraint FK551i3sllw1wj7ex6nir16blsm foreign key (authors_id) references author
Hibernate: alter table if exists book_authors add constraint FKs4xm7q8i3uxvaiswj1c35nnxw foreign key (book_id) references book
Hibernate: alter table if exists book_categories add constraint FKpm3c24k4vdceji5h47d5u9w2i foreign key (categories_id) references book_category
Hibernate: alter table if exists book_categories add constraint FKrq5mftm1ejl023epqbn42lpa3 foreign key (book_id) references book
Hibernate: alter table if exists book_offer add constraint FKepykb45t97hbcxpbee4s2hb2r foreign key (offered_book_id) references book
Hibernate: alter table if exists book_offer add constraint FKdr0ismuose2n030tfeiaq0mda foreign key (offeror_id) references user_profile
Hibernate: alter table if exists book_offer_requests add constraint FKqsawiycp7xjpk7rcvjmfy1kpk foreign key (requests_id) references book_request
Hibernate: alter table if exists book_offer_requests add constraint FKjbloa7h2g3bquw2bh3qg2kn1j foreign key (book_offer_id) references book_offer
Hibernate: alter table if exists book_request add constraint FK6vrnsl74dq4aa1n9ail8c40s0 foreign key (book_offer_id) references book_offer
Hibernate: alter table if exists book_request add constraint FKm39gpcesvu1l60saexgsoptjt foreign key (requestee_id) references user_profile
Hibernate: alter table if exists user_profile_book_offers add constraint FKgb61wsmksnqfm248kppoven7b foreign key (book_offers_id) references book_offer
Hibernate: alter table if exists user_profile_book_offers add constraint FK6yv2bwf2oh1ci2iefycyun9me foreign key (user_profile_id) references user_profile
Hibernate: alter table if exists user_profile_favorite_categories add constraint FK3p4sugirsd434ls2uyr8lm1gp foreign key (favorite_categories_id) references book_category
Hibernate: alter table if exists user_profile_favorite_categories add constraint FKps6nqcwnrx9d25kryfte9pufe foreign key (user_profile_id) references user_profile
Hibernate: alter table if exists user_profile_outgoing_book_requests add constraint FKdf7tl4sqhkawgpyekhahjtegv foreign key (outgoing_book_requests_id) references book_request
Hibernate: alter table if exists user_profile_outgoing_book_requests add constraint FK8otyxt09ok14v8pqtbtlcne8a foreign key (user_profile_id) references user_profile
Hibernate: alter table if exists user_profile_notifications add constraint FKspgfauj74q0mgypxdtyg2k1v5 foreign key (user_profile_id) references user_profile
2024-11-06T10:49:12.916+02:00  INFO 11448 --- [           main] j.LocalContainerEntityManagerFactoryBean : Initialized JPA EntityManagerFactory for persistence unit 'default'
2024-11-06T10:49:12.955+02:00  WARN 11448 --- [           main] JpaBaseConfiguration$JpaWebConfiguration : spring.jpa.open-in-view is enabled by default. Therefore, database queries may be performed during view rendering. Explicitly configure spring.jpa.open-in-view to disable this warning
2024-11-06T10:49:12.978+02:00  INFO 11448 --- [           main] o.s.s.web.DefaultSecurityFilterChain     : Will secure any request with [org.springframework.security.web.session.DisableEncodeUrlFilter@34b109bf, org.springframework.security.web.context.request.async.WebAsyncManagerIntegrationFilter@523e7417, org.springframework.security.web.context.SecurityContextHolderFilter@7cfe20b2, org.springframework.security.web.header.HeaderWriterFilter@649e132, org.springframework.web.filter.CorsFilter@425ed0e8, org.springframework.security.web.csrf.CsrfFilter@2ca3cef2, org.springframework.security.web.authentication.logout.LogoutFilter@2e47fec8, org.springframework.security.web.authentication.UsernamePasswordAuthenticationFilter@2591127b, org.springframework.security.web.savedrequest.RequestCacheAwareFilter@4e18a581, org.springframework.security.web.servletapi.SecurityContextHolderAwareRequestFilter@6ab89db8, org.springframework.security.web.authentication.AnonymousAuthenticationFilter@6f710012, org.springframework.security.web.access.ExceptionTranslationFilter@766a4dcf, org.springframework.security.web.access.intercept.AuthorizationFilter@b837e76]
2024-11-06T10:49:12.998+02:00  INFO 11448 --- [           main] o.b.service.BookRequestServiceTest       : Started BookRequestServiceTest in 0.313 seconds (process running for 19.637)
Hibernate: select up1_0.id,up1_0.bio,up1_0.date_of_birth,up1_0.email,up1_0.first_name,up1_0.last_name,up1_0.password from user_profile up1_0 where up1_0.id is null
Hibernate: select nextval('user_profile_seq')
Hibernate: insert into user_profile (bio,date_of_birth,email,first_name,last_name,password,id) values (?,?,?,?,?,?,?)
Hibernate: select up1_0.id,up1_0.bio,up1_0.date_of_birth,up1_0.email,up1_0.first_name,up1_0.last_name,up1_0.password from user_profile up1_0 where up1_0.id is null
Hibernate: select nextval('user_profile_seq')
Hibernate: insert into user_profile (bio,date_of_birth,email,first_name,last_name,password,id) values (?,?,?,?,?,?,?)
Hibernate: select up1_0.id,up1_0.bio,up1_0.date_of_birth,up1_0.email,up1_0.first_name,up1_0.last_name,up1_0.password from user_profile up1_0 where up1_0.id is null
Hibernate: select nextval('book_seq')
Hibernate: select nextval('book_offer_seq')
Hibernate: insert into user_profile (bio,date_of_birth,email,first_name,last_name,password,id) values (?,?,?,?,?,?,?)
Hibernate: insert into book (summary,title,id) values (?,?,?)
Hibernate: insert into book_offer (offer_description,offered_book_id,offeror_id,post_date,id) values (?,?,?,?,?)
Hibernate: insert into user_profile_book_offers (user_profile_id,book_offers_id) values (?,?)
Hibernate: select bo1_0.id,bo1_0.offer_description,bo1_0.offered_book_id,bo1_0.offeror_id,bo1_0.post_date from book_offer bo1_0 where bo1_0.id=?
Hibernate: select up1_0.id,up1_0.bio,up1_0.date_of_birth,up1_0.email,up1_0.first_name,up1_0.last_name,up1_0.password from user_profile up1_0 where up1_0.id=?
Hibernate: select nextval('book_request_seq')
Hibernate: select bo1_0.id,bo1_0.offer_description,bo1_0.offered_book_id,bo1_0.offeror_id,bo1_0.post_date from book_offer bo1_0 where bo1_0.id=?
Hibernate: select up1_0.id,up1_0.bio,up1_0.date_of_birth,up1_0.email,up1_0.first_name,up1_0.last_name,up1_0.password from user_profile up1_0 where up1_0.id=?
Hibernate: select nextval('book_request_seq')
Hibernate: insert into book_request (book_offer_id,requestee_id,id) values (?,?,?)
Hibernate: insert into book_request (book_offer_id,requestee_id,id) values (?,?,?)
Hibernate: insert into user_profile_notifications (user_profile_id,notifications) values (?,?)
Hibernate: insert into user_profile_outgoing_book_requests (user_profile_id,outgoing_book_requests_id) values (?,?)
Hibernate: insert into user_profile_outgoing_book_requests (user_profile_id,outgoing_book_requests_id) values (?,?)
Hibernate: insert into book_offer_requests (book_offer_id,requests_id) values (?,?)
Hibernate: insert into book_offer_requests (book_offer_id,requests_id) values (?,?)
Hibernate: select br1_0.id,br1_0.book_offer_id,br1_0.requestee_id from book_request br1_0 left join book_offer bo1_0 on bo1_0.id=br1_0.book_offer_id where bo1_0.id=?
2024-11-06T10:49:13.200+02:00  INFO 11448 --- [           main] o.bookEater.entity.user.UserProfile      : Request removed fromaFirstName aLastName
]]></system-out>
  </testcase>
  <testcase name="deleteBookRequest" classname="objectArmy.bookEater.service.BookRequestServiceTest" time="0.605">
    <system-out><![CDATA[2024-11-06T10:49:13.203+02:00  INFO 11448 --- [           main] j.LocalContainerEntityManagerFactoryBean : Closing JPA EntityManagerFactory for persistence unit 'default'
2024-11-06T10:49:13.203+02:00  INFO 11448 --- [           main] com.zaxxer.hikari.HikariDataSource       : HikariPool-26 - Shutdown initiated...
2024-11-06T10:49:13.249+02:00  INFO 11448 --- [           main] com.zaxxer.hikari.HikariDataSource       : HikariPool-26 - Shutdown completed.

  .   ____          _            __ _ _
 /\\ / ___'_ __ _ _(_)_ __  __ _ \ \ \ \
( ( )\___ | '_ | '_| | '_ \/ _` | \ \ \ \
 \\/  ___)| |_)| | | | | || (_| |  ) ) ) )
  '  |____| .__|_| |_|_| |_\__, | / / / /
 =========|_|==============|___/=/_/_/_/
 :: Spring Boot ::                (v3.2.4)

2024-11-06T10:49:13.258+02:00  INFO 11448 --- [           main] o.b.service.BookRequestServiceTest       : Starting BookRequestServiceTest using Java 17.0.11 with PID 11448 (started by Dell in C:\Users\Dell\IdeaProjects\Book-Eater\bookEater)
2024-11-06T10:49:13.258+02:00  INFO 11448 --- [           main] o.b.service.BookRequestServiceTest       : The following 1 profile is active: "test"
2024-11-06T10:49:13.316+02:00  INFO 11448 --- [           main] .s.d.r.c.RepositoryConfigurationDelegate : Bootstrapping Spring Data JPA repositories in DEFAULT mode.
2024-11-06T10:49:13.322+02:00  INFO 11448 --- [           main] .s.d.r.c.RepositoryConfigurationDelegate : Finished Spring Data repository scanning in 6 ms. Found 6 JPA repository interfaces.
2024-11-06T10:49:13.344+02:00  INFO 11448 --- [           main] o.hibernate.jpa.internal.util.LogHelper  : HHH000204: Processing PersistenceUnitInfo [name: default]
2024-11-06T10:49:13.345+02:00  INFO 11448 --- [           main] o.h.c.internal.RegionFactoryInitiator    : HHH000026: Second-level cache disabled
2024-11-06T10:49:13.348+02:00  INFO 11448 --- [           main] o.s.o.j.p.SpringPersistenceUnitInfo      : No LoadTimeWeaver setup: ignoring JPA class transformer
2024-11-06T10:49:13.348+02:00  INFO 11448 --- [           main] com.zaxxer.hikari.HikariDataSource       : HikariPool-27 - Starting...
2024-11-06T10:49:13.376+02:00  INFO 11448 --- [           main] com.zaxxer.hikari.pool.HikariPool        : HikariPool-27 - Added connection org.postgresql.jdbc.PgConnection@2793ea4a
2024-11-06T10:49:13.377+02:00  INFO 11448 --- [           main] com.zaxxer.hikari.HikariDataSource       : HikariPool-27 - Start completed.
2024-11-06T10:49:13.414+02:00  INFO 11448 --- [           main] o.h.e.t.j.p.i.JtaPlatformInitiator       : HHH000490: Using JTA platform [org.hibernate.engine.transaction.jta.platform.internal.AtomikosJtaPlatform]
Hibernate: alter table if exists book_authors drop constraint if exists FK551i3sllw1wj7ex6nir16blsm
Hibernate: alter table if exists book_authors drop constraint if exists FKs4xm7q8i3uxvaiswj1c35nnxw
Hibernate: alter table if exists book_categories drop constraint if exists FKpm3c24k4vdceji5h47d5u9w2i
Hibernate: alter table if exists book_categories drop constraint if exists FKrq5mftm1ejl023epqbn42lpa3
Hibernate: alter table if exists book_offer drop constraint if exists FKepykb45t97hbcxpbee4s2hb2r
Hibernate: alter table if exists book_offer drop constraint if exists FKdr0ismuose2n030tfeiaq0mda
Hibernate: alter table if exists book_offer_requests drop constraint if exists FKqsawiycp7xjpk7rcvjmfy1kpk
Hibernate: alter table if exists book_offer_requests drop constraint if exists FKjbloa7h2g3bquw2bh3qg2kn1j
Hibernate: alter table if exists book_request drop constraint if exists FK6vrnsl74dq4aa1n9ail8c40s0
Hibernate: alter table if exists book_request drop constraint if exists FKm39gpcesvu1l60saexgsoptjt
Hibernate: alter table if exists user_profile_book_offers drop constraint if exists FKgb61wsmksnqfm248kppoven7b
Hibernate: alter table if exists user_profile_book_offers drop constraint if exists FK6yv2bwf2oh1ci2iefycyun9me
Hibernate: alter table if exists user_profile_favorite_categories drop constraint if exists FK3p4sugirsd434ls2uyr8lm1gp
Hibernate: alter table if exists user_profile_favorite_categories drop constraint if exists FKps6nqcwnrx9d25kryfte9pufe
Hibernate: alter table if exists user_profile_outgoing_book_requests drop constraint if exists FKdf7tl4sqhkawgpyekhahjtegv
Hibernate: alter table if exists user_profile_outgoing_book_requests drop constraint if exists FK8otyxt09ok14v8pqtbtlcne8a
Hibernate: alter table if exists user_profile_notifications drop constraint if exists FKspgfauj74q0mgypxdtyg2k1v5
Hibernate: drop table if exists author cascade
Hibernate: drop table if exists book cascade
Hibernate: drop table if exists book_authors cascade
Hibernate: drop table if exists book_categories cascade
Hibernate: drop table if exists book_category cascade
Hibernate: drop table if exists book_offer cascade
Hibernate: drop table if exists book_offer_requests cascade
Hibernate: drop table if exists book_request cascade
Hibernate: drop table if exists user_profile cascade
Hibernate: drop table if exists user_profile_book_offers cascade
Hibernate: drop table if exists user_profile_favorite_categories cascade
Hibernate: drop table if exists user_profile_outgoing_book_requests cascade
Hibernate: drop table if exists user_profile_notifications cascade
Hibernate: drop sequence if exists author_seq
Hibernate: drop sequence if exists book_category_seq
Hibernate: drop sequence if exists book_offer_seq
Hibernate: drop sequence if exists book_request_seq
Hibernate: drop sequence if exists book_seq
Hibernate: drop sequence if exists user_profile_seq
Hibernate: create sequence author_seq start with 1 increment by 50
Hibernate: create sequence book_category_seq start with 1 increment by 50
Hibernate: create sequence book_offer_seq start with 1 increment by 50
Hibernate: create sequence book_request_seq start with 1 increment by 50
Hibernate: create sequence book_seq start with 1 increment by 50
Hibernate: create sequence user_profile_seq start with 1 increment by 50
Hibernate: create table author (id integer not null, name varchar(255), primary key (id))
Hibernate: create table book (id integer not null, summary varchar(255), title varchar(255), primary key (id))
Hibernate: create table book_authors (authors_id integer not null, book_id integer not null)
Hibernate: create table book_categories (book_id integer not null, categories_id bigint not null)
Hibernate: create table book_category (id bigint not null, name varchar(255) unique, primary key (id))
Hibernate: create table book_offer (offered_book_id integer unique, id bigint not null, offeror_id bigint, post_date timestamp(6), offer_description varchar(255), primary key (id))
Hibernate: create table book_offer_requests (book_offer_id bigint not null, requests_id bigint not null unique)
Hibernate: create table book_request (book_offer_id bigint, id bigint not null, requestee_id bigint, primary key (id), unique (requestee_id, book_offer_id))
Hibernate: create table user_profile (date_of_birth date, id bigint not null, bio varchar(255), email varchar(255) unique, first_name varchar(255), last_name varchar(255), password varchar(255), primary key (id))
Hibernate: create table user_profile_book_offers (book_offers_id bigint not null unique, user_profile_id bigint not null)
Hibernate: create table user_profile_favorite_categories (favorite_categories_id bigint not null, user_profile_id bigint not null)
Hibernate: create table user_profile_outgoing_book_requests (outgoing_book_requests_id bigint not null unique, user_profile_id bigint not null)
Hibernate: create table user_profile_notifications (user_profile_id bigint not null, notifications varchar(255))
Hibernate: alter table if exists book_authors add constraint FK551i3sllw1wj7ex6nir16blsm foreign key (authors_id) references author
Hibernate: alter table if exists book_authors add constraint FKs4xm7q8i3uxvaiswj1c35nnxw foreign key (book_id) references book
Hibernate: alter table if exists book_categories add constraint FKpm3c24k4vdceji5h47d5u9w2i foreign key (categories_id) references book_category
Hibernate: alter table if exists book_categories add constraint FKrq5mftm1ejl023epqbn42lpa3 foreign key (book_id) references book
Hibernate: alter table if exists book_offer add constraint FKepykb45t97hbcxpbee4s2hb2r foreign key (offered_book_id) references book
Hibernate: alter table if exists book_offer add constraint FKdr0ismuose2n030tfeiaq0mda foreign key (offeror_id) references user_profile
Hibernate: alter table if exists book_offer_requests add constraint FKqsawiycp7xjpk7rcvjmfy1kpk foreign key (requests_id) references book_request
Hibernate: alter table if exists book_offer_requests add constraint FKjbloa7h2g3bquw2bh3qg2kn1j foreign key (book_offer_id) references book_offer
Hibernate: alter table if exists book_request add constraint FK6vrnsl74dq4aa1n9ail8c40s0 foreign key (book_offer_id) references book_offer
Hibernate: alter table if exists book_request add constraint FKm39gpcesvu1l60saexgsoptjt foreign key (requestee_id) references user_profile
Hibernate: alter table if exists user_profile_book_offers add constraint FKgb61wsmksnqfm248kppoven7b foreign key (book_offers_id) references book_offer
Hibernate: alter table if exists user_profile_book_offers add constraint FK6yv2bwf2oh1ci2iefycyun9me foreign key (user_profile_id) references user_profile
Hibernate: alter table if exists user_profile_favorite_categories add constraint FK3p4sugirsd434ls2uyr8lm1gp foreign key (favorite_categories_id) references book_category
Hibernate: alter table if exists user_profile_favorite_categories add constraint FKps6nqcwnrx9d25kryfte9pufe foreign key (user_profile_id) references user_profile
Hibernate: alter table if exists user_profile_outgoing_book_requests add constraint FKdf7tl4sqhkawgpyekhahjtegv foreign key (outgoing_book_requests_id) references book_request
Hibernate: alter table if exists user_profile_outgoing_book_requests add constraint FK8otyxt09ok14v8pqtbtlcne8a foreign key (user_profile_id) references user_profile
Hibernate: alter table if exists user_profile_notifications add constraint FKspgfauj74q0mgypxdtyg2k1v5 foreign key (user_profile_id) references user_profile
2024-11-06T10:49:13.516+02:00  INFO 11448 --- [           main] j.LocalContainerEntityManagerFactoryBean : Initialized JPA EntityManagerFactory for persistence unit 'default'
2024-11-06T10:49:13.560+02:00  WARN 11448 --- [           main] JpaBaseConfiguration$JpaWebConfiguration : spring.jpa.open-in-view is enabled by default. Therefore, database queries may be performed during view rendering. Explicitly configure spring.jpa.open-in-view to disable this warning
2024-11-06T10:49:13.585+02:00  INFO 11448 --- [           main] o.s.s.web.DefaultSecurityFilterChain     : Will secure any request with [org.springframework.security.web.session.DisableEncodeUrlFilter@7ef04cd8, org.springframework.security.web.context.request.async.WebAsyncManagerIntegrationFilter@729f8efa, org.springframework.security.web.context.SecurityContextHolderFilter@19461943, org.springframework.security.web.header.HeaderWriterFilter@40c45e12, org.springframework.web.filter.CorsFilter@519531, org.springframework.security.web.csrf.CsrfFilter@45d241c7, org.springframework.security.web.authentication.logout.LogoutFilter@22011ed0, org.springframework.security.web.authentication.UsernamePasswordAuthenticationFilter@542d3f13, org.springframework.security.web.savedrequest.RequestCacheAwareFilter@4ecdafd5, org.springframework.security.web.servletapi.SecurityContextHolderAwareRequestFilter@69f27514, org.springframework.security.web.authentication.AnonymousAuthenticationFilter@3d39e78f, org.springframework.security.web.access.ExceptionTranslationFilter@35824343, org.springframework.security.web.access.intercept.AuthorizationFilter@7bb131a1]
2024-11-06T10:49:13.610+02:00  INFO 11448 --- [           main] o.b.service.BookRequestServiceTest       : Started BookRequestServiceTest in 0.359 seconds (process running for 20.249)
Hibernate: select up1_0.id,up1_0.bio,up1_0.date_of_birth,up1_0.email,up1_0.first_name,up1_0.last_name,up1_0.password from user_profile up1_0 where up1_0.id is null
Hibernate: select nextval('user_profile_seq')
Hibernate: insert into user_profile (bio,date_of_birth,email,first_name,last_name,password,id) values (?,?,?,?,?,?,?)
Hibernate: select up1_0.id,up1_0.bio,up1_0.date_of_birth,up1_0.email,up1_0.first_name,up1_0.last_name,up1_0.password from user_profile up1_0 where up1_0.id is null
Hibernate: select nextval('user_profile_seq')
Hibernate: insert into user_profile (bio,date_of_birth,email,first_name,last_name,password,id) values (?,?,?,?,?,?,?)
Hibernate: select up1_0.id,up1_0.bio,up1_0.date_of_birth,up1_0.email,up1_0.first_name,up1_0.last_name,up1_0.password from user_profile up1_0 where up1_0.id is null
Hibernate: select nextval('book_seq')
Hibernate: select nextval('book_offer_seq')
Hibernate: insert into user_profile (bio,date_of_birth,email,first_name,last_name,password,id) values (?,?,?,?,?,?,?)
Hibernate: insert into book (summary,title,id) values (?,?,?)
Hibernate: insert into book_offer (offer_description,offered_book_id,offeror_id,post_date,id) values (?,?,?,?,?)
Hibernate: insert into user_profile_book_offers (user_profile_id,book_offers_id) values (?,?)
Hibernate: select bo1_0.id,bo1_0.offer_description,bo1_0.offered_book_id,bo1_0.offeror_id,bo1_0.post_date from book_offer bo1_0 where bo1_0.id=?
Hibernate: select up1_0.id,up1_0.bio,up1_0.date_of_birth,up1_0.email,up1_0.first_name,up1_0.last_name,up1_0.password from user_profile up1_0 where up1_0.id=?
Hibernate: select nextval('book_request_seq')
2024-11-06T10:49:13.805+02:00  INFO 11448 --- [           main] o.bookEater.entity.user.UserProfile      : Request removed fromaFirstName aLastName
]]></system-out>
  </testcase>
</testsuite>